Ejecucion para el thread: 1

./weak_volta.sh: line 17: resultados/output_../ejecutables/volta_order_10.txt: No such file or directory
./weak_volta.sh: line 18: resultados/time_../ejecutables/volta_order_10.txt: No such file or directory
Repeticion: 1

./weak_volta.sh: line 23: resultados/time_../ejecutables/volta_order_10.txt: No such file or directory
Repeticion: 2

./weak_volta.sh: line 23: resultados/time_../ejecutables/volta_order_10.txt: No such file or directory
Repeticion: 3

./weak_volta.sh: line 23: resultados/time_../ejecutables/volta_order_10.txt: No such file or directory
Repeticion: 4

./weak_volta.sh: line 23: resultados/time_../ejecutables/volta_order_10.txt: No such file or directory
Repeticion: 5

./weak_volta.sh: line 23: resultados/time_../ejecutables/volta_order_10.txt: No such file or directory
Repeticion: 6

./weak_volta.sh: line 23: resultados/time_../ejecutables/volta_order_10.txt: No such file or directory
Repeticion: 7

./weak_volta.sh: line 23: resultados/time_../ejecutables/volta_order_10.txt: No such file or directory
Repeticion: 8

./weak_volta.sh: line 23: resultados/time_../ejecutables/volta_order_10.txt: No such file or directory
Repeticion: 9

./weak_volta.sh: line 23: resultados/time_../ejecutables/volta_order_10.txt: No such file or directory
Repeticion: 10

./weak_volta.sh: line 25: resultados/time_../ejecutables/volta_order_10.txt: No such file or directory
./weak_volta.sh: line 26: resultados/output_../ejecutables/volta_order_10.txt: No such file or directory
./weak_volta.sh: line 30: resultados/output_../ejecutables/volta_order_10.txt: No such file or directory
Ejecucion para el thread: 2

./weak_volta.sh: line 17: resultados/output_../ejecutables/volta_order_10.txt: No such file or directory
./weak_volta.sh: line 18: resultados/time_../ejecutables/volta_order_10.txt: No such file or directory
Repeticion: 1

./weak_volta.sh: line 23: resultados/time_../ejecutables/volta_order_10.txt: No such file or directory
Repeticion: 2

./weak_volta.sh: line 23: resultados/time_../ejecutables/volta_order_10.txt: No such file or directory
Repeticion: 3

./weak_volta.sh: line 23: resultados/time_../ejecutables/volta_order_10.txt: No such file or directory
Repeticion: 4

./weak_volta.sh: line 23: resultados/time_../ejecutables/volta_order_10.txt: No such file or directory
Repeticion: 5

./weak_volta.sh: line 23: resultados/time_../ejecutables/volta_order_10.txt: No such file or directory
Repeticion: 6

./weak_volta.sh: line 23: resultados/time_../ejecutables/volta_order_10.txt: No such file or directory
Repeticion: 7

./weak_volta.sh: line 23: resultados/time_../ejecutables/volta_order_10.txt: No such file or directory
Repeticion: 8

./weak_volta.sh: line 23: resultados/time_../ejecutables/volta_order_10.txt: No such file or directory
Repeticion: 9

./weak_volta.sh: line 23: resultados/time_../ejecutables/volta_order_10.txt: No such file or directory
Repeticion: 10

./weak_volta.sh: line 25: resultados/time_../ejecutables/volta_order_10.txt: No such file or directory
./weak_volta.sh: line 26: resultados/output_../ejecutables/volta_order_10.txt: No such file or directory
./weak_volta.sh: line 30: resultados/output_../ejecutables/volta_order_10.txt: No such file or directory
Ejecucion para el thread: 3

./weak_volta.sh: line 17: resultados/output_../ejecutables/volta_order_10.txt: No such file or directory
./weak_volta.sh: line 18: resultados/time_../ejecutables/volta_order_10.txt: No such file or directory
Repeticion: 1

./weak_volta.sh: line 23: resultados/time_../ejecutables/volta_order_10.txt: No such file or directory
Repeticion: 2

./weak_volta.sh: line 23: resultados/time_../ejecutables/volta_order_10.txt: No such file or directory
Repeticion: 3

./weak_volta.sh: line 23: resultados/time_../ejecutables/volta_order_10.txt: No such file or directory
Repeticion: 4

./weak_volta.sh: line 23: resultados/time_../ejecutables/volta_order_10.txt: No such file or directory
Repeticion: 5

./weak_volta.sh: line 23: resultados/time_../ejecutables/volta_order_10.txt: No such file or directory
Repeticion: 6

./weak_volta.sh: line 23: resultados/time_../ejecutables/volta_order_10.txt: No such file or directory
Repeticion: 7

./weak_volta.sh: line 23: resultados/time_../ejecutables/volta_order_10.txt: No such file or directory
Repeticion: 8

./weak_volta.sh: line 23: resultados/time_../ejecutables/volta_order_10.txt: No such file or directory
Repeticion: 9

./weak_volta.sh: line 23: resultados/time_../ejecutables/volta_order_10.txt: No such file or directory
Repeticion: 10

./weak_volta.sh: line 25: resultados/time_../ejecutables/volta_order_10.txt: No such file or directory
./weak_volta.sh: line 26: resultados/output_../ejecutables/volta_order_10.txt: No such file or directory
./weak_volta.sh: line 30: resultados/output_../ejecutables/volta_order_10.txt: No such file or directory
Ejecucion para el thread: 4

./weak_volta.sh: line 17: resultados/output_../ejecutables/volta_order_10.txt: No such file or directory
./weak_volta.sh: line 18: resultados/time_../ejecutables/volta_order_10.txt: No such file or directory
Repeticion: 1

./weak_volta.sh: line 23: resultados/time_../ejecutables/volta_order_10.txt: No such file or directory
Repeticion: 2

./weak_volta.sh: line 23: resultados/time_../ejecutables/volta_order_10.txt: No such file or directory
Repeticion: 3

./weak_volta.sh: line 23: resultados/time_../ejecutables/volta_order_10.txt: No such file or directory
Repeticion: 4

./weak_volta.sh: line 23: resultados/time_../ejecutables/volta_order_10.txt: No such file or directory
Repeticion: 5

./weak_volta.sh: line 23: resultados/time_../ejecutables/volta_order_10.txt: No such file or directory
Repeticion: 6

./weak_volta.sh: line 23: resultados/time_../ejecutables/volta_order_10.txt: No such file or directory
Repeticion: 7

./weak_volta.sh: line 23: resultados/time_../ejecutables/volta_order_10.txt: No such file or directory
Repeticion: 8

./weak_volta.sh: line 23: resultados/time_../ejecutables/volta_order_10.txt: No such file or directory
Repeticion: 9

./weak_volta.sh: line 23: resultados/time_../ejecutables/volta_order_10.txt: No such file or directory
Repeticion: 10

./weak_volta.sh: line 25: resultados/time_../ejecutables/volta_order_10.txt: No such file or directory
./weak_volta.sh: line 26: resultados/output_../ejecutables/volta_order_10.txt: No such file or directory
./weak_volta.sh: line 30: resultados/output_../ejecutables/volta_order_10.txt: No such file or directory
Ejecucion para el thread: 5

./weak_volta.sh: line 17: resultados/output_../ejecutables/volta_order_10.txt: No such file or directory
./weak_volta.sh: line 18: resultados/time_../ejecutables/volta_order_10.txt: No such file or directory
Repeticion: 1

./weak_volta.sh: line 23: resultados/time_../ejecutables/volta_order_10.txt: No such file or directory
Repeticion: 2

./weak_volta.sh: line 23: resultados/time_../ejecutables/volta_order_10.txt: No such file or directory
Repeticion: 3

./weak_volta.sh: line 23: resultados/time_../ejecutables/volta_order_10.txt: No such file or directory
Repeticion: 4

./weak_volta.sh: line 23: resultados/time_../ejecutables/volta_order_10.txt: No such file or directory
Repeticion: 5

./weak_volta.sh: line 23: resultados/time_../ejecutables/volta_order_10.txt: No such file or directory
Repeticion: 6

./weak_volta.sh: line 23: resultados/time_../ejecutables/volta_order_10.txt: No such file or directory
Repeticion: 7

./weak_volta.sh: line 23: resultados/time_../ejecutables/volta_order_10.txt: No such file or directory
Repeticion: 8

./weak_volta.sh: line 23: resultados/time_../ejecutables/volta_order_10.txt: No such file or directory
Repeticion: 9

./weak_volta.sh: line 23: resultados/time_../ejecutables/volta_order_10.txt: No such file or directory
Repeticion: 10

./weak_volta.sh: line 25: resultados/time_../ejecutables/volta_order_10.txt: No such file or directory
./weak_volta.sh: line 26: resultados/output_../ejecutables/volta_order_10.txt: No such file or directory
./weak_volta.sh: line 30: resultados/output_../ejecutables/volta_order_10.txt: No such file or directory
Ejecucion para el thread: 6

./weak_volta.sh: line 17: resultados/output_../ejecutables/volta_order_10.txt: No such file or directory
./weak_volta.sh: line 18: resultados/time_../ejecutables/volta_order_10.txt: No such file or directory
Repeticion: 1

./weak_volta.sh: line 23: resultados/time_../ejecutables/volta_order_10.txt: No such file or directory
Repeticion: 2

./weak_volta.sh: line 23: resultados/time_../ejecutables/volta_order_10.txt: No such file or directory
Repeticion: 3

./weak_volta.sh: line 23: resultados/time_../ejecutables/volta_order_10.txt: No such file or directory
Repeticion: 4

./weak_volta.sh: line 23: resultados/time_../ejecutables/volta_order_10.txt: No such file or directory
Repeticion: 5

./weak_volta.sh: line 23: resultados/time_../ejecutables/volta_order_10.txt: No such file or directory
Repeticion: 6

./weak_volta.sh: line 23: resultados/time_../ejecutables/volta_order_10.txt: No such file or directory
Repeticion: 7

./weak_volta.sh: line 23: resultados/time_../ejecutables/volta_order_10.txt: No such file or directory
Repeticion: 8

./weak_volta.sh: line 23: resultados/time_../ejecutables/volta_order_10.txt: No such file or directory
Repeticion: 9

./weak_volta.sh: line 23: resultados/time_../ejecutables/volta_order_10.txt: No such file or directory
Repeticion: 10

./weak_volta.sh: line 25: resultados/time_../ejecutables/volta_order_10.txt: No such file or directory
./weak_volta.sh: line 26: resultados/output_../ejecutables/volta_order_10.txt: No such file or directory
./weak_volta.sh: line 30: resultados/output_../ejecutables/volta_order_10.txt: No such file or directory
Ejecucion para el thread: 7

./weak_volta.sh: line 17: resultados/output_../ejecutables/volta_order_10.txt: No such file or directory
./weak_volta.sh: line 18: resultados/time_../ejecutables/volta_order_10.txt: No such file or directory
Repeticion: 1

./weak_volta.sh: line 23: resultados/time_../ejecutables/volta_order_10.txt: No such file or directory
Repeticion: 2

./weak_volta.sh: line 23: resultados/time_../ejecutables/volta_order_10.txt: No such file or directory
Repeticion: 3

./weak_volta.sh: line 23: resultados/time_../ejecutables/volta_order_10.txt: No such file or directory
Repeticion: 4

./weak_volta.sh: line 23: resultados/time_../ejecutables/volta_order_10.txt: No such file or directory
Repeticion: 5

./weak_volta.sh: line 23: resultados/time_../ejecutables/volta_order_10.txt: No such file or directory
Repeticion: 6

./weak_volta.sh: line 23: resultados/time_../ejecutables/volta_order_10.txt: No such file or directory
Repeticion: 7

./weak_volta.sh: line 23: resultados/time_../ejecutables/volta_order_10.txt: No such file or directory
Repeticion: 8

./weak_volta.sh: line 23: resultados/time_../ejecutables/volta_order_10.txt: No such file or directory
Repeticion: 9

./weak_volta.sh: line 23: resultados/time_../ejecutables/volta_order_10.txt: No such file or directory
Repeticion: 10

./weak_volta.sh: line 25: resultados/time_../ejecutables/volta_order_10.txt: No such file or directory
./weak_volta.sh: line 26: resultados/output_../ejecutables/volta_order_10.txt: No such file or directory
./weak_volta.sh: line 30: resultados/output_../ejecutables/volta_order_10.txt: No such file or directory
Ejecucion para el thread: 8

./weak_volta.sh: line 17: resultados/output_../ejecutables/volta_order_10.txt: No such file or directory
./weak_volta.sh: line 18: resultados/time_../ejecutables/volta_order_10.txt: No such file or directory
Repeticion: 1

./weak_volta.sh: line 23: resultados/time_../ejecutables/volta_order_10.txt: No such file or directory
Repeticion: 2

./weak_volta.sh: line 23: resultados/time_../ejecutables/volta_order_10.txt: No such file or directory
Repeticion: 3

./weak_volta.sh: line 23: resultados/time_../ejecutables/volta_order_10.txt: No such file or directory
Repeticion: 4

./weak_volta.sh: line 23: resultados/time_../ejecutables/volta_order_10.txt: No such file or directory
Repeticion: 5

./weak_volta.sh: line 23: resultados/time_../ejecutables/volta_order_10.txt: No such file or directory
Repeticion: 6

./weak_volta.sh: line 23: resultados/time_../ejecutables/volta_order_10.txt: No such file or directory
Repeticion: 7

./weak_volta.sh: line 23: resultados/time_../ejecutables/volta_order_10.txt: No such file or directory
Repeticion: 8

./weak_volta.sh: line 23: resultados/time_../ejecutables/volta_order_10.txt: No such file or directory
Repeticion: 9

./weak_volta.sh: line 23: resultados/time_../ejecutables/volta_order_10.txt: No such file or directory
Repeticion: 10

./weak_volta.sh: line 25: resultados/time_../ejecutables/volta_order_10.txt: No such file or directory
./weak_volta.sh: line 26: resultados/output_../ejecutables/volta_order_10.txt: No such file or directory
./weak_volta.sh: line 30: resultados/output_../ejecutables/volta_order_10.txt: No such file or directory
Ejecucion para el thread: 9

./weak_volta.sh: line 17: resultados/output_../ejecutables/volta_order_10.txt: No such file or directory
./weak_volta.sh: line 18: resultados/time_../ejecutables/volta_order_10.txt: No such file or directory
Repeticion: 1

./weak_volta.sh: line 23: resultados/time_../ejecutables/volta_order_10.txt: No such file or directory
Repeticion: 2

./weak_volta.sh: line 23: resultados/time_../ejecutables/volta_order_10.txt: No such file or directory
Repeticion: 3

./weak_volta.sh: line 23: resultados/time_../ejecutables/volta_order_10.txt: No such file or directory
Repeticion: 4

./weak_volta.sh: line 23: resultados/time_../ejecutables/volta_order_10.txt: No such file or directory
Repeticion: 5

./weak_volta.sh: line 23: resultados/time_../ejecutables/volta_order_10.txt: No such file or directory
Repeticion: 6

./weak_volta.sh: line 23: resultados/time_../ejecutables/volta_order_10.txt: No such file or directory
Repeticion: 7

./weak_volta.sh: line 23: resultados/time_../ejecutables/volta_order_10.txt: No such file or directory
Repeticion: 8

./weak_volta.sh: line 23: resultados/time_../ejecutables/volta_order_10.txt: No such file or directory
Repeticion: 9

./weak_volta.sh: line 23: resultados/time_../ejecutables/volta_order_10.txt: No such file or directory
Repeticion: 10

./weak_volta.sh: line 25: resultados/time_../ejecutables/volta_order_10.txt: No such file or directory
./weak_volta.sh: line 26: resultados/output_../ejecutables/volta_order_10.txt: No such file or directory
./weak_volta.sh: line 30: resultados/output_../ejecutables/volta_order_10.txt: No such file or directory
Ejecucion para el thread: 10

./weak_volta.sh: line 17: resultados/output_../ejecutables/volta_order_10.txt: No such file or directory
./weak_volta.sh: line 18: resultados/time_../ejecutables/volta_order_10.txt: No such file or directory
Repeticion: 1

./weak_volta.sh: line 23: resultados/time_../ejecutables/volta_order_10.txt: No such file or directory
Repeticion: 2

./weak_volta.sh: line 23: resultados/time_../ejecutables/volta_order_10.txt: No such file or directory
Repeticion: 3

./weak_volta.sh: line 23: resultados/time_../ejecutables/volta_order_10.txt: No such file or directory
Repeticion: 4

./weak_volta.sh: line 23: resultados/time_../ejecutables/volta_order_10.txt: No such file or directory
Repeticion: 5

./weak_volta.sh: line 23: resultados/time_../ejecutables/volta_order_10.txt: No such file or directory
Repeticion: 6

./weak_volta.sh: line 23: resultados/time_../ejecutables/volta_order_10.txt: No such file or directory
Repeticion: 7

./weak_volta.sh: line 23: resultados/time_../ejecutables/volta_order_10.txt: No such file or directory
Repeticion: 8

./weak_volta.sh: line 23: resultados/time_../ejecutables/volta_order_10.txt: No such file or directory
Repeticion: 9

./weak_volta.sh: line 23: resultados/time_../ejecutables/volta_order_10.txt: No such file or directory
Repeticion: 10

./weak_volta.sh: line 25: resultados/time_../ejecutables/volta_order_10.txt: No such file or directory
./weak_volta.sh: line 26: resultados/output_../ejecutables/volta_order_10.txt: No such file or directory
./weak_volta.sh: line 30: resultados/output_../ejecutables/volta_order_10.txt: No such file or directory
Ejecucion para el thread: 11

./weak_volta.sh: line 17: resultados/output_../ejecutables/volta_order_10.txt: No such file or directory
./weak_volta.sh: line 18: resultados/time_../ejecutables/volta_order_10.txt: No such file or directory
Repeticion: 1

./weak_volta.sh: line 23: resultados/time_../ejecutables/volta_order_10.txt: No such file or directory
Repeticion: 2

./weak_volta.sh: line 23: resultados/time_../ejecutables/volta_order_10.txt: No such file or directory
Repeticion: 3

./weak_volta.sh: line 23: resultados/time_../ejecutables/volta_order_10.txt: No such file or directory
Repeticion: 4

./weak_volta.sh: line 23: resultados/time_../ejecutables/volta_order_10.txt: No such file or directory
Repeticion: 5

./weak_volta.sh: line 23: resultados/time_../ejecutables/volta_order_10.txt: No such file or directory
Repeticion: 6

./weak_volta.sh: line 23: resultados/time_../ejecutables/volta_order_10.txt: No such file or directory
Repeticion: 7

./weak_volta.sh: line 23: resultados/time_../ejecutables/volta_order_10.txt: No such file or directory
Repeticion: 8

./weak_volta.sh: line 23: resultados/time_../ejecutables/volta_order_10.txt: No such file or directory
Repeticion: 9

./weak_volta.sh: line 23: resultados/time_../ejecutables/volta_order_10.txt: No such file or directory
Repeticion: 10

./weak_volta.sh: line 25: resultados/time_../ejecutables/volta_order_10.txt: No such file or directory
./weak_volta.sh: line 26: resultados/output_../ejecutables/volta_order_10.txt: No such file or directory
./weak_volta.sh: line 30: resultados/output_../ejecutables/volta_order_10.txt: No such file or directory
Ejecucion para el thread: 12

./weak_volta.sh: line 17: resultados/output_../ejecutables/volta_order_10.txt: No such file or directory
./weak_volta.sh: line 18: resultados/time_../ejecutables/volta_order_10.txt: No such file or directory
Repeticion: 1

./weak_volta.sh: line 23: resultados/time_../ejecutables/volta_order_10.txt: No such file or directory
Repeticion: 2

./weak_volta.sh: line 23: resultados/time_../ejecutables/volta_order_10.txt: No such file or directory
Repeticion: 3

./weak_volta.sh: line 23: resultados/time_../ejecutables/volta_order_10.txt: No such file or directory
Repeticion: 4

./weak_volta.sh: line 23: resultados/time_../ejecutables/volta_order_10.txt: No such file or directory
Repeticion: 5

./weak_volta.sh: line 23: resultados/time_../ejecutables/volta_order_10.txt: No such file or directory
Repeticion: 6

./weak_volta.sh: line 23: resultados/time_../ejecutables/volta_order_10.txt: No such file or directory
Repeticion: 7

./weak_volta.sh: line 23: resultados/time_../ejecutables/volta_order_10.txt: No such file or directory
Repeticion: 8

./weak_volta.sh: line 23: resultados/time_../ejecutables/volta_order_10.txt: No such file or directory
Repeticion: 9

./weak_volta.sh: line 23: resultados/time_../ejecutables/volta_order_10.txt: No such file or directory
Repeticion: 10

./weak_volta.sh: line 25: resultados/time_../ejecutables/volta_order_10.txt: No such file or directory
./weak_volta.sh: line 26: resultados/output_../ejecutables/volta_order_10.txt: No such file or directory
./weak_volta.sh: line 30: resultados/output_../ejecutables/volta_order_10.txt: No such file or directory
Ejecucion para el thread: 13

./weak_volta.sh: line 17: resultados/output_../ejecutables/volta_order_10.txt: No such file or directory
./weak_volta.sh: line 18: resultados/time_../ejecutables/volta_order_10.txt: No such file or directory
Repeticion: 1

./weak_volta.sh: line 23: resultados/time_../ejecutables/volta_order_10.txt: No such file or directory
Repeticion: 2

./weak_volta.sh: line 23: resultados/time_../ejecutables/volta_order_10.txt: No such file or directory
Repeticion: 3

./weak_volta.sh: line 23: resultados/time_../ejecutables/volta_order_10.txt: No such file or directory
Repeticion: 4

./weak_volta.sh: line 23: resultados/time_../ejecutables/volta_order_10.txt: No such file or directory
Repeticion: 5

./weak_volta.sh: line 23: resultados/time_../ejecutables/volta_order_10.txt: No such file or directory
Repeticion: 6

./weak_volta.sh: line 23: resultados/time_../ejecutables/volta_order_10.txt: No such file or directory
Repeticion: 7

./weak_volta.sh: line 23: resultados/time_../ejecutables/volta_order_10.txt: No such file or directory
Repeticion: 8

./weak_volta.sh: line 23: resultados/time_../ejecutables/volta_order_10.txt: No such file or directory
Repeticion: 9

./weak_volta.sh: line 23: resultados/time_../ejecutables/volta_order_10.txt: No such file or directory
Repeticion: 10

./weak_volta.sh: line 25: resultados/time_../ejecutables/volta_order_10.txt: No such file or directory
./weak_volta.sh: line 26: resultados/output_../ejecutables/volta_order_10.txt: No such file or directory
./weak_volta.sh: line 30: resultados/output_../ejecutables/volta_order_10.txt: No such file or directory
Ejecucion para el thread: 14

./weak_volta.sh: line 17: resultados/output_../ejecutables/volta_order_10.txt: No such file or directory
./weak_volta.sh: line 18: resultados/time_../ejecutables/volta_order_10.txt: No such file or directory
Repeticion: 1

./weak_volta.sh: line 23: resultados/time_../ejecutables/volta_order_10.txt: No such file or directory
Repeticion: 2

./weak_volta.sh: line 23: resultados/time_../ejecutables/volta_order_10.txt: No such file or directory
Repeticion: 3

./weak_volta.sh: line 23: resultados/time_../ejecutables/volta_order_10.txt: No such file or directory
Repeticion: 4

./weak_volta.sh: line 23: resultados/time_../ejecutables/volta_order_10.txt: No such file or directory
Repeticion: 5

./weak_volta.sh: line 23: resultados/time_../ejecutables/volta_order_10.txt: No such file or directory
Repeticion: 6

./weak_volta.sh: line 23: resultados/time_../ejecutables/volta_order_10.txt: No such file or directory
Repeticion: 7

./weak_volta.sh: line 23: resultados/time_../ejecutables/volta_order_10.txt: No such file or directory
Repeticion: 8

./weak_volta.sh: line 23: resultados/time_../ejecutables/volta_order_10.txt: No such file or directory
Repeticion: 9

./weak_volta.sh: line 23: resultados/time_../ejecutables/volta_order_10.txt: No such file or directory
Repeticion: 10

./weak_volta.sh: line 25: resultados/time_../ejecutables/volta_order_10.txt: No such file or directory
./weak_volta.sh: line 26: resultados/output_../ejecutables/volta_order_10.txt: No such file or directory
./weak_volta.sh: line 30: resultados/output_../ejecutables/volta_order_10.txt: No such file or directory
Ejecucion para el thread: 15

./weak_volta.sh: line 17: resultados/output_../ejecutables/volta_order_10.txt: No such file or directory
./weak_volta.sh: line 18: resultados/time_../ejecutables/volta_order_10.txt: No such file or directory
Repeticion: 1

./weak_volta.sh: line 23: resultados/time_../ejecutables/volta_order_10.txt: No such file or directory
Repeticion: 2

./weak_volta.sh: line 23: resultados/time_../ejecutables/volta_order_10.txt: No such file or directory
Repeticion: 3

./weak_volta.sh: line 23: resultados/time_../ejecutables/volta_order_10.txt: No such file or directory
Repeticion: 4

./weak_volta.sh: line 23: resultados/time_../ejecutables/volta_order_10.txt: No such file or directory
Repeticion: 5

./weak_volta.sh: line 23: resultados/time_../ejecutables/volta_order_10.txt: No such file or directory
Repeticion: 6

./weak_volta.sh: line 23: resultados/time_../ejecutables/volta_order_10.txt: No such file or directory
Repeticion: 7

./weak_volta.sh: line 23: resultados/time_../ejecutables/volta_order_10.txt: No such file or directory
Repeticion: 8

./weak_volta.sh: line 23: resultados/time_../ejecutables/volta_order_10.txt: No such file or directory
Repeticion: 9

./weak_volta.sh: line 23: resultados/time_../ejecutables/volta_order_10.txt: No such file or directory
Repeticion: 10

./weak_volta.sh: line 25: resultados/time_../ejecutables/volta_order_10.txt: No such file or directory
./weak_volta.sh: line 26: resultados/output_../ejecutables/volta_order_10.txt: No such file or directory
./weak_volta.sh: line 30: resultados/output_../ejecutables/volta_order_10.txt: No such file or directory
Ejecucion para el thread: 16

./weak_volta.sh: line 17: resultados/output_../ejecutables/volta_order_10.txt: No such file or directory
./weak_volta.sh: line 18: resultados/time_../ejecutables/volta_order_10.txt: No such file or directory
Repeticion: 1

./weak_volta.sh: line 23: resultados/time_../ejecutables/volta_order_10.txt: No such file or directory
Repeticion: 2

./weak_volta.sh: line 23: resultados/time_../ejecutables/volta_order_10.txt: No such file or directory
Repeticion: 3

./weak_volta.sh: line 23: resultados/time_../ejecutables/volta_order_10.txt: No such file or directory
Repeticion: 4

./weak_volta.sh: line 23: resultados/time_../ejecutables/volta_order_10.txt: No such file or directory
Repeticion: 5

./weak_volta.sh: line 23: resultados/time_../ejecutables/volta_order_10.txt: No such file or directory
Repeticion: 6

./weak_volta.sh: line 23: resultados/time_../ejecutables/volta_order_10.txt: No such file or directory
Repeticion: 7

./weak_volta.sh: line 23: resultados/time_../ejecutables/volta_order_10.txt: No such file or directory
Repeticion: 8

./weak_volta.sh: line 23: resultados/time_../ejecutables/volta_order_10.txt: No such file or directory
Repeticion: 9

./weak_volta.sh: line 23: resultados/time_../ejecutables/volta_order_10.txt: No such file or directory
Repeticion: 10

./weak_volta.sh: line 25: resultados/time_../ejecutables/volta_order_10.txt: No such file or directory
./weak_volta.sh: line 26: resultados/output_../ejecutables/volta_order_10.txt: No such file or directory
./weak_volta.sh: line 30: resultados/output_../ejecutables/volta_order_10.txt: No such file or directory
Traceback (most recent call last):
  File "/home/cpenav/Documents/ProyectoFinal/IntroHPC_MFEM/escalamientoDebil/plot.py", line 13, in <module>
    time = pd.read_csv(f'{args.input_file}',header=None)
  File "/usr/lib64/python3.9/site-packages/pandas/io/parsers/readers.py", line 1026, in read_csv
    return _read(filepath_or_buffer, kwds)
  File "/usr/lib64/python3.9/site-packages/pandas/io/parsers/readers.py", line 620, in _read
    parser = TextFileReader(filepath_or_buffer, **kwds)
  File "/usr/lib64/python3.9/site-packages/pandas/io/parsers/readers.py", line 1620, in __init__
    self._engine = self._make_engine(f, self.engine)
  File "/usr/lib64/python3.9/site-packages/pandas/io/parsers/readers.py", line 1880, in _make_engine
    self.handles = get_handle(
  File "/usr/lib64/python3.9/site-packages/pandas/io/common.py", line 873, in get_handle
    handle = open(
FileNotFoundError: [Errno 2] No such file or directory: 'resultados/time_../ejecutables/volta_order_10.txt'
/bin/sh: warning: shell level (1000) too high, resetting to 1
/bin/sh: warning: shell level (1000) too high, resetting to 1
/bin/sh: warning: shell level (1000) too high, resetting to 1
/bin/sh: warning: shell level (1000) too high, resetting to 1
/bin/sh: warning: shell level (1000) too high, resetting to 1
/bin/sh: warning: shell level (1000) too high, resetting to 1
/bin/sh: warning: shell level (1000) too high, resetting to 1
/bin/sh: warning: shell level (1000) too high, resetting to 1
/bin/sh: warning: shell level (1000) too high, resetting to 1
/bin/sh: warning: shell level (1000) too high, resetting to 1
/bin/sh: warning: shell level (1000) too high, resetting to 1
/bin/sh: warning: shell level (1000) too high, resetting to 1
/bin/sh: warning: shell level (1000) too high, resetting to 1
/bin/sh: warning: shell level (1000) too high, resetting to 1
/bin/sh: warning: shell level (1000) too high, resetting to 1
/bin/sh: warning: shell level (1000) too high, resetting to 1
/bin/sh: warning: shell level (1000) too high, resetting to 1
/bin/sh: warning: shell level (1000) too high, resetting to 1
/bin/sh: warning: shell level (1000) too high, resetting to 1
/bin/sh: warning: shell level (1000) too high, resetting to 1
/bin/sh: warning: shell level (1000) too high, resetting to 1
/bin/sh: warning: shell level (1000) too high, resetting to 1
/bin/sh: warning: shell level (1000) too high, resetting to 1
/bin/sh: warning: shell level (1000) too high, resetting to 1
/bin/sh: warning: shell level (1000) too high, resetting to 1
/bin/sh: warning: shell level (1000) too high, resetting to 1
/bin/sh: warning: shell level (1000) too high, resetting to 1
/bin/sh: warning: shell level (1000) too high, resetting to 1
/bin/sh: warning: shell level (1000) too high, resetting to 1
/bin/sh: warning: shell level (1000) too high, resetting to 1
/bin/sh: warning: shell level (1000) too high, resetting to 1
/bin/sh: warning: shell level (1000) too high, resetting to 1
/bin/sh: warning: shell level (1000) too high, resetting to 1
/bin/sh: warning: shell level (1000) too high, resetting to 1
/bin/sh: warning: shell level (1000) too high, resetting to 1
/bin/sh: warning: shell level (1000) too high, resetting to 1
/bin/sh: warning: shell level (1000) too high, resetting to 1
Terminated
Ejecucion para el thread: 1

./weak_volta.sh: line 17: resultados/output_../ejecutables/volta_order_9.txt: No such file or directory
./weak_volta.sh: line 18: resultados/time_../ejecutables/volta_order_9.txt: No such file or directory
Repeticion: 1

./weak_volta.sh: line 23: resultados/time_../ejecutables/volta_order_9.txt: No such file or directory
Repeticion: 2

./weak_volta.sh: line 23: resultados/time_../ejecutables/volta_order_9.txt: No such file or directory
Repeticion: 3

./weak_volta.sh: line 23: resultados/time_../ejecutables/volta_order_9.txt: No such file or directory
Repeticion: 4

./weak_volta.sh: line 23: resultados/time_../ejecutables/volta_order_9.txt: No such file or directory
Repeticion: 5

./weak_volta.sh: line 23: resultados/time_../ejecutables/volta_order_9.txt: No such file or directory
Repeticion: 6

./weak_volta.sh: line 23: resultados/time_../ejecutables/volta_order_9.txt: No such file or directory
Repeticion: 7

./weak_volta.sh: line 23: resultados/time_../ejecutables/volta_order_9.txt: No such file or directory
Repeticion: 8

./weak_volta.sh: line 23: resultados/time_../ejecutables/volta_order_9.txt: No such file or directory
Repeticion: 9

./weak_volta.sh: line 23: resultados/time_../ejecutables/volta_order_9.txt: No such file or directory
Repeticion: 10

./weak_volta.sh: line 25: resultados/time_../ejecutables/volta_order_9.txt: No such file or directory
./weak_volta.sh: line 26: resultados/output_../ejecutables/volta_order_9.txt: No such file or directory
./weak_volta.sh: line 30: resultados/output_../ejecutables/volta_order_9.txt: No such file or directory
Ejecucion para el thread: 2

./weak_volta.sh: line 17: resultados/output_../ejecutables/volta_order_9.txt: No such file or directory
./weak_volta.sh: line 18: resultados/time_../ejecutables/volta_order_9.txt: No such file or directory
Repeticion: 1

./weak_volta.sh: line 23: resultados/time_../ejecutables/volta_order_9.txt: No such file or directory
Repeticion: 2

./weak_volta.sh: line 23: resultados/time_../ejecutables/volta_order_9.txt: No such file or directory
Repeticion: 3

./weak_volta.sh: line 23: resultados/time_../ejecutables/volta_order_9.txt: No such file or directory
Repeticion: 4

./weak_volta.sh: line 23: resultados/time_../ejecutables/volta_order_9.txt: No such file or directory
Repeticion: 5

./weak_volta.sh: line 23: resultados/time_../ejecutables/volta_order_9.txt: No such file or directory
Repeticion: 6

./weak_volta.sh: line 23: resultados/time_../ejecutables/volta_order_9.txt: No such file or directory
Repeticion: 7

./weak_volta.sh: line 23: resultados/time_../ejecutables/volta_order_9.txt: No such file or directory
Repeticion: 8

./weak_volta.sh: line 23: resultados/time_../ejecutables/volta_order_9.txt: No such file or directory
Repeticion: 9

./weak_volta.sh: line 23: resultados/time_../ejecutables/volta_order_9.txt: No such file or directory
Repeticion: 10

./weak_volta.sh: line 25: resultados/time_../ejecutables/volta_order_9.txt: No such file or directory
./weak_volta.sh: line 26: resultados/output_../ejecutables/volta_order_9.txt: No such file or directory
./weak_volta.sh: line 30: resultados/output_../ejecutables/volta_order_9.txt: No such file or directory
Ejecucion para el thread: 3

./weak_volta.sh: line 17: resultados/output_../ejecutables/volta_order_9.txt: No such file or directory
./weak_volta.sh: line 18: resultados/time_../ejecutables/volta_order_9.txt: No such file or directory
Repeticion: 1

./weak_volta.sh: line 23: resultados/time_../ejecutables/volta_order_9.txt: No such file or directory
Repeticion: 2

./weak_volta.sh: line 23: resultados/time_../ejecutables/volta_order_9.txt: No such file or directory
Repeticion: 3

./weak_volta.sh: line 23: resultados/time_../ejecutables/volta_order_9.txt: No such file or directory
Repeticion: 4

./weak_volta.sh: line 23: resultados/time_../ejecutables/volta_order_9.txt: No such file or directory
Repeticion: 5

./weak_volta.sh: line 23: resultados/time_../ejecutables/volta_order_9.txt: No such file or directory
Repeticion: 6

./weak_volta.sh: line 23: resultados/time_../ejecutables/volta_order_9.txt: No such file or directory
Repeticion: 7

./weak_volta.sh: line 23: resultados/time_../ejecutables/volta_order_9.txt: No such file or directory
Repeticion: 8

./weak_volta.sh: line 23: resultados/time_../ejecutables/volta_order_9.txt: No such file or directory
Repeticion: 9

./weak_volta.sh: line 23: resultados/time_../ejecutables/volta_order_9.txt: No such file or directory
Repeticion: 10

./weak_volta.sh: line 25: resultados/time_../ejecutables/volta_order_9.txt: No such file or directory
./weak_volta.sh: line 26: resultados/output_../ejecutables/volta_order_9.txt: No such file or directory
./weak_volta.sh: line 30: resultados/output_../ejecutables/volta_order_9.txt: No such file or directory
Ejecucion para el thread: 4

./weak_volta.sh: line 17: resultados/output_../ejecutables/volta_order_9.txt: No such file or directory
./weak_volta.sh: line 18: resultados/time_../ejecutables/volta_order_9.txt: No such file or directory
Repeticion: 1

./weak_volta.sh: line 23: resultados/time_../ejecutables/volta_order_9.txt: No such file or directory
Repeticion: 2

./weak_volta.sh: line 23: resultados/time_../ejecutables/volta_order_9.txt: No such file or directory
Repeticion: 3

./weak_volta.sh: line 23: resultados/time_../ejecutables/volta_order_9.txt: No such file or directory
Repeticion: 4

./weak_volta.sh: line 23: resultados/time_../ejecutables/volta_order_9.txt: No such file or directory
Repeticion: 5

./weak_volta.sh: line 23: resultados/time_../ejecutables/volta_order_9.txt: No such file or directory
Repeticion: 6

./weak_volta.sh: line 23: resultados/time_../ejecutables/volta_order_9.txt: No such file or directory
Repeticion: 7

./weak_volta.sh: line 23: resultados/time_../ejecutables/volta_order_9.txt: No such file or directory
Repeticion: 8

./weak_volta.sh: line 23: resultados/time_../ejecutables/volta_order_9.txt: No such file or directory
Repeticion: 9

./weak_volta.sh: line 23: resultados/time_../ejecutables/volta_order_9.txt: No such file or directory
Repeticion: 10

./weak_volta.sh: line 25: resultados/time_../ejecutables/volta_order_9.txt: No such file or directory
./weak_volta.sh: line 26: resultados/output_../ejecutables/volta_order_9.txt: No such file or directory
./weak_volta.sh: line 30: resultados/output_../ejecutables/volta_order_9.txt: No such file or directory
Ejecucion para el thread: 5

./weak_volta.sh: line 17: resultados/output_../ejecutables/volta_order_9.txt: No such file or directory
./weak_volta.sh: line 18: resultados/time_../ejecutables/volta_order_9.txt: No such file or directory
Repeticion: 1

./weak_volta.sh: line 23: resultados/time_../ejecutables/volta_order_9.txt: No such file or directory
Repeticion: 2

./weak_volta.sh: line 23: resultados/time_../ejecutables/volta_order_9.txt: No such file or directory
Repeticion: 3

./weak_volta.sh: line 23: resultados/time_../ejecutables/volta_order_9.txt: No such file or directory
Repeticion: 4

./weak_volta.sh: line 23: resultados/time_../ejecutables/volta_order_9.txt: No such file or directory
Repeticion: 5

./weak_volta.sh: line 23: resultados/time_../ejecutables/volta_order_9.txt: No such file or directory
Repeticion: 6

./weak_volta.sh: line 23: resultados/time_../ejecutables/volta_order_9.txt: No such file or directory
Repeticion: 7

./weak_volta.sh: line 23: resultados/time_../ejecutables/volta_order_9.txt: No such file or directory
Repeticion: 8

./weak_volta.sh: line 23: resultados/time_../ejecutables/volta_order_9.txt: No such file or directory
Repeticion: 9

./weak_volta.sh: line 23: resultados/time_../ejecutables/volta_order_9.txt: No such file or directory
Repeticion: 10

./weak_volta.sh: line 25: resultados/time_../ejecutables/volta_order_9.txt: No such file or directory
./weak_volta.sh: line 26: resultados/output_../ejecutables/volta_order_9.txt: No such file or directory
./weak_volta.sh: line 30: resultados/output_../ejecutables/volta_order_9.txt: No such file or directory
Ejecucion para el thread: 6

./weak_volta.sh: line 17: resultados/output_../ejecutables/volta_order_9.txt: No such file or directory
./weak_volta.sh: line 18: resultados/time_../ejecutables/volta_order_9.txt: No such file or directory
Repeticion: 1

./weak_volta.sh: line 23: resultados/time_../ejecutables/volta_order_9.txt: No such file or directory
Repeticion: 2

./weak_volta.sh: line 23: resultados/time_../ejecutables/volta_order_9.txt: No such file or directory
Repeticion: 3

./weak_volta.sh: line 23: resultados/time_../ejecutables/volta_order_9.txt: No such file or directory
Repeticion: 4

./weak_volta.sh: line 23: resultados/time_../ejecutables/volta_order_9.txt: No such file or directory
Repeticion: 5

./weak_volta.sh: line 23: resultados/time_../ejecutables/volta_order_9.txt: No such file or directory
Repeticion: 6

./weak_volta.sh: line 23: resultados/time_../ejecutables/volta_order_9.txt: No such file or directory
Repeticion: 7

./weak_volta.sh: line 23: resultados/time_../ejecutables/volta_order_9.txt: No such file or directory
Repeticion: 8

./weak_volta.sh: line 23: resultados/time_../ejecutables/volta_order_9.txt: No such file or directory
Repeticion: 9

./weak_volta.sh: line 23: resultados/time_../ejecutables/volta_order_9.txt: No such file or directory
Repeticion: 10

./weak_volta.sh: line 25: resultados/time_../ejecutables/volta_order_9.txt: No such file or directory
./weak_volta.sh: line 26: resultados/output_../ejecutables/volta_order_9.txt: No such file or directory
./weak_volta.sh: line 30: resultados/output_../ejecutables/volta_order_9.txt: No such file or directory
Ejecucion para el thread: 7

./weak_volta.sh: line 17: resultados/output_../ejecutables/volta_order_9.txt: No such file or directory
./weak_volta.sh: line 18: resultados/time_../ejecutables/volta_order_9.txt: No such file or directory
Repeticion: 1

./weak_volta.sh: line 23: resultados/time_../ejecutables/volta_order_9.txt: No such file or directory
Repeticion: 2

./weak_volta.sh: line 23: resultados/time_../ejecutables/volta_order_9.txt: No such file or directory
Repeticion: 3

./weak_volta.sh: line 23: resultados/time_../ejecutables/volta_order_9.txt: No such file or directory
Repeticion: 4

./weak_volta.sh: line 23: resultados/time_../ejecutables/volta_order_9.txt: No such file or directory
Repeticion: 5

./weak_volta.sh: line 23: resultados/time_../ejecutables/volta_order_9.txt: No such file or directory
Repeticion: 6

./weak_volta.sh: line 23: resultados/time_../ejecutables/volta_order_9.txt: No such file or directory
Repeticion: 7

./weak_volta.sh: line 23: resultados/time_../ejecutables/volta_order_9.txt: No such file or directory
Repeticion: 8

./weak_volta.sh: line 23: resultados/time_../ejecutables/volta_order_9.txt: No such file or directory
Repeticion: 9

./weak_volta.sh: line 23: resultados/time_../ejecutables/volta_order_9.txt: No such file or directory
Repeticion: 10

./weak_volta.sh: line 25: resultados/time_../ejecutables/volta_order_9.txt: No such file or directory
./weak_volta.sh: line 26: resultados/output_../ejecutables/volta_order_9.txt: No such file or directory
./weak_volta.sh: line 30: resultados/output_../ejecutables/volta_order_9.txt: No such file or directory
Ejecucion para el thread: 8

./weak_volta.sh: line 17: resultados/output_../ejecutables/volta_order_9.txt: No such file or directory
./weak_volta.sh: line 18: resultados/time_../ejecutables/volta_order_9.txt: No such file or directory
Repeticion: 1

./weak_volta.sh: line 23: resultados/time_../ejecutables/volta_order_9.txt: No such file or directory
Repeticion: 2

./weak_volta.sh: line 23: resultados/time_../ejecutables/volta_order_9.txt: No such file or directory
Repeticion: 3

./weak_volta.sh: line 23: resultados/time_../ejecutables/volta_order_9.txt: No such file or directory
Repeticion: 4

./weak_volta.sh: line 23: resultados/time_../ejecutables/volta_order_9.txt: No such file or directory
Repeticion: 5

./weak_volta.sh: line 23: resultados/time_../ejecutables/volta_order_9.txt: No such file or directory
Repeticion: 6

./weak_volta.sh: line 23: resultados/time_../ejecutables/volta_order_9.txt: No such file or directory
Repeticion: 7

./weak_volta.sh: line 23: resultados/time_../ejecutables/volta_order_9.txt: No such file or directory
Repeticion: 8

./weak_volta.sh: line 23: resultados/time_../ejecutables/volta_order_9.txt: No such file or directory
Repeticion: 9

./weak_volta.sh: line 23: resultados/time_../ejecutables/volta_order_9.txt: No such file or directory
Repeticion: 10

./weak_volta.sh: line 25: resultados/time_../ejecutables/volta_order_9.txt: No such file or directory
./weak_volta.sh: line 26: resultados/output_../ejecutables/volta_order_9.txt: No such file or directory
./weak_volta.sh: line 30: resultados/output_../ejecutables/volta_order_9.txt: No such file or directory
Ejecucion para el thread: 9

./weak_volta.sh: line 17: resultados/output_../ejecutables/volta_order_9.txt: No such file or directory
./weak_volta.sh: line 18: resultados/time_../ejecutables/volta_order_9.txt: No such file or directory
Repeticion: 1

./weak_volta.sh: line 23: resultados/time_../ejecutables/volta_order_9.txt: No such file or directory
Repeticion: 2

./weak_volta.sh: line 23: resultados/time_../ejecutables/volta_order_9.txt: No such file or directory
Repeticion: 3

./weak_volta.sh: line 23: resultados/time_../ejecutables/volta_order_9.txt: No such file or directory
Repeticion: 4

./weak_volta.sh: line 23: resultados/time_../ejecutables/volta_order_9.txt: No such file or directory
Repeticion: 5

./weak_volta.sh: line 23: resultados/time_../ejecutables/volta_order_9.txt: No such file or directory
Repeticion: 6

./weak_volta.sh: line 23: resultados/time_../ejecutables/volta_order_9.txt: No such file or directory
Repeticion: 7

./weak_volta.sh: line 23: resultados/time_../ejecutables/volta_order_9.txt: No such file or directory
Repeticion: 8

./weak_volta.sh: line 23: resultados/time_../ejecutables/volta_order_9.txt: No such file or directory
Repeticion: 9

./weak_volta.sh: line 23: resultados/time_../ejecutables/volta_order_9.txt: No such file or directory
Repeticion: 10

./weak_volta.sh: line 25: resultados/time_../ejecutables/volta_order_9.txt: No such file or directory
./weak_volta.sh: line 26: resultados/output_../ejecutables/volta_order_9.txt: No such file or directory
./weak_volta.sh: line 30: resultados/output_../ejecutables/volta_order_9.txt: No such file or directory
Ejecucion para el thread: 10

./weak_volta.sh: line 17: resultados/output_../ejecutables/volta_order_9.txt: No such file or directory
./weak_volta.sh: line 18: resultados/time_../ejecutables/volta_order_9.txt: No such file or directory
Repeticion: 1

./weak_volta.sh: line 23: resultados/time_../ejecutables/volta_order_9.txt: No such file or directory
Repeticion: 2

./weak_volta.sh: line 23: resultados/time_../ejecutables/volta_order_9.txt: No such file or directory
Repeticion: 3

./weak_volta.sh: line 23: resultados/time_../ejecutables/volta_order_9.txt: No such file or directory
Repeticion: 4

./weak_volta.sh: line 23: resultados/time_../ejecutables/volta_order_9.txt: No such file or directory
Repeticion: 5

./weak_volta.sh: line 23: resultados/time_../ejecutables/volta_order_9.txt: No such file or directory
Repeticion: 6

./weak_volta.sh: line 23: resultados/time_../ejecutables/volta_order_9.txt: No such file or directory
Repeticion: 7

./weak_volta.sh: line 23: resultados/time_../ejecutables/volta_order_9.txt: No such file or directory
Repeticion: 8

./weak_volta.sh: line 23: resultados/time_../ejecutables/volta_order_9.txt: No such file or directory
Repeticion: 9

./weak_volta.sh: line 23: resultados/time_../ejecutables/volta_order_9.txt: No such file or directory
Repeticion: 10

./weak_volta.sh: line 25: resultados/time_../ejecutables/volta_order_9.txt: No such file or directory
./weak_volta.sh: line 26: resultados/output_../ejecutables/volta_order_9.txt: No such file or directory
./weak_volta.sh: line 30: resultados/output_../ejecutables/volta_order_9.txt: No such file or directory
Ejecucion para el thread: 11

./weak_volta.sh: line 17: resultados/output_../ejecutables/volta_order_9.txt: No such file or directory
./weak_volta.sh: line 18: resultados/time_../ejecutables/volta_order_9.txt: No such file or directory
Repeticion: 1

./weak_volta.sh: line 23: resultados/time_../ejecutables/volta_order_9.txt: No such file or directory
Repeticion: 2

./weak_volta.sh: line 23: resultados/time_../ejecutables/volta_order_9.txt: No such file or directory
Repeticion: 3

./weak_volta.sh: line 23: resultados/time_../ejecutables/volta_order_9.txt: No such file or directory
Repeticion: 4

./weak_volta.sh: line 23: resultados/time_../ejecutables/volta_order_9.txt: No such file or directory
Repeticion: 5

./weak_volta.sh: line 23: resultados/time_../ejecutables/volta_order_9.txt: No such file or directory
Repeticion: 6

./weak_volta.sh: line 23: resultados/time_../ejecutables/volta_order_9.txt: No such file or directory
Repeticion: 7

./weak_volta.sh: line 23: resultados/time_../ejecutables/volta_order_9.txt: No such file or directory
Repeticion: 8

./weak_volta.sh: line 23: resultados/time_../ejecutables/volta_order_9.txt: No such file or directory
Repeticion: 9

./weak_volta.sh: line 23: resultados/time_../ejecutables/volta_order_9.txt: No such file or directory
Repeticion: 10

./weak_volta.sh: line 25: resultados/time_../ejecutables/volta_order_9.txt: No such file or directory
./weak_volta.sh: line 26: resultados/output_../ejecutables/volta_order_9.txt: No such file or directory
./weak_volta.sh: line 30: resultados/output_../ejecutables/volta_order_9.txt: No such file or directory
Ejecucion para el thread: 12

./weak_volta.sh: line 17: resultados/output_../ejecutables/volta_order_9.txt: No such file or directory
./weak_volta.sh: line 18: resultados/time_../ejecutables/volta_order_9.txt: No such file or directory
Repeticion: 1

./weak_volta.sh: line 23: resultados/time_../ejecutables/volta_order_9.txt: No such file or directory
Repeticion: 2

./weak_volta.sh: line 23: resultados/time_../ejecutables/volta_order_9.txt: No such file or directory
Repeticion: 3

./weak_volta.sh: line 23: resultados/time_../ejecutables/volta_order_9.txt: No such file or directory
Repeticion: 4

./weak_volta.sh: line 23: resultados/time_../ejecutables/volta_order_9.txt: No such file or directory
Repeticion: 5

./weak_volta.sh: line 23: resultados/time_../ejecutables/volta_order_9.txt: No such file or directory
Repeticion: 6

./weak_volta.sh: line 23: resultados/time_../ejecutables/volta_order_9.txt: No such file or directory
Repeticion: 7

./weak_volta.sh: line 23: resultados/time_../ejecutables/volta_order_9.txt: No such file or directory
Repeticion: 8

./weak_volta.sh: line 23: resultados/time_../ejecutables/volta_order_9.txt: No such file or directory
Repeticion: 9

./weak_volta.sh: line 23: resultados/time_../ejecutables/volta_order_9.txt: No such file or directory
Repeticion: 10

./weak_volta.sh: line 25: resultados/time_../ejecutables/volta_order_9.txt: No such file or directory
./weak_volta.sh: line 26: resultados/output_../ejecutables/volta_order_9.txt: No such file or directory
./weak_volta.sh: line 30: resultados/output_../ejecutables/volta_order_9.txt: No such file or directory
Ejecucion para el thread: 13

./weak_volta.sh: line 17: resultados/output_../ejecutables/volta_order_9.txt: No such file or directory
./weak_volta.sh: line 18: resultados/time_../ejecutables/volta_order_9.txt: No such file or directory
Repeticion: 1

./weak_volta.sh: line 23: resultados/time_../ejecutables/volta_order_9.txt: No such file or directory
Repeticion: 2

./weak_volta.sh: line 23: resultados/time_../ejecutables/volta_order_9.txt: No such file or directory
Repeticion: 3

./weak_volta.sh: line 23: resultados/time_../ejecutables/volta_order_9.txt: No such file or directory
Repeticion: 4

./weak_volta.sh: line 23: resultados/time_../ejecutables/volta_order_9.txt: No such file or directory
Repeticion: 5

./weak_volta.sh: line 23: resultados/time_../ejecutables/volta_order_9.txt: No such file or directory
Repeticion: 6

./weak_volta.sh: line 23: resultados/time_../ejecutables/volta_order_9.txt: No such file or directory
Repeticion: 7

./weak_volta.sh: line 23: resultados/time_../ejecutables/volta_order_9.txt: No such file or directory
Repeticion: 8

./weak_volta.sh: line 23: resultados/time_../ejecutables/volta_order_9.txt: No such file or directory
Repeticion: 9

./weak_volta.sh: line 23: resultados/time_../ejecutables/volta_order_9.txt: No such file or directory
Repeticion: 10

./weak_volta.sh: line 25: resultados/time_../ejecutables/volta_order_9.txt: No such file or directory
/bin/sh: warning: shell level (1000) too high, resetting to 1
./weak_volta.sh: line 26: resultados/output_../ejecutables/volta_order_9.txt: No such file or directory
./weak_volta.sh: line 30: resultados/output_../ejecutables/volta_order_9.txt: No such file or directory
Ejecucion para el thread: 14

./weak_volta.sh: line 17: resultados/output_../ejecutables/volta_order_9.txt: No such file or directory
./weak_volta.sh: line 18: resultados/time_../ejecutables/volta_order_9.txt: No such file or directory
Repeticion: 1

./weak_volta.sh: line 23: resultados/time_../ejecutables/volta_order_9.txt: No such file or directory
Repeticion: 2

./weak_volta.sh: line 23: resultados/time_../ejecutables/volta_order_9.txt: No such file or directory
Repeticion: 3

./weak_volta.sh: line 23: resultados/time_../ejecutables/volta_order_9.txt: No such file or directory
Repeticion: 4

./weak_volta.sh: line 23: resultados/time_../ejecutables/volta_order_9.txt: No such file or directory
Repeticion: 5

./weak_volta.sh: line 23: resultados/time_../ejecutables/volta_order_9.txt: No such file or directory
Repeticion: 6

./weak_volta.sh: line 23: resultados/time_../ejecutables/volta_order_9.txt: No such file or directory
Repeticion: 7

./weak_volta.sh: line 23: resultados/time_../ejecutables/volta_order_9.txt: No such file or directory
Repeticion: 8

./weak_volta.sh: line 23: resultados/time_../ejecutables/volta_order_9.txt: No such file or directory
Repeticion: 9

./weak_volta.sh: line 23: resultados/time_../ejecutables/volta_order_9.txt: No such file or directory
Repeticion: 10

./weak_volta.sh: line 25: resultados/time_../ejecutables/volta_order_9.txt: No such file or directory
./weak_volta.sh: line 26: resultados/output_../ejecutables/volta_order_9.txt: No such file or directory
./weak_volta.sh: line 30: resultados/output_../ejecutables/volta_order_9.txt: No such file or directory
Ejecucion para el thread: 15

./weak_volta.sh: line 17: resultados/output_../ejecutables/volta_order_9.txt: No such file or directory
./weak_volta.sh: line 18: resultados/time_../ejecutables/volta_order_9.txt: No such file or directory
Repeticion: 1

./weak_volta.sh: line 23: resultados/time_../ejecutables/volta_order_9.txt: No such file or directory
Repeticion: 2

./weak_volta.sh: line 23: resultados/time_../ejecutables/volta_order_9.txt: No such file or directory
Repeticion: 3

./weak_volta.sh: line 23: resultados/time_../ejecutables/volta_order_9.txt: No such file or directory
Repeticion: 4

./weak_volta.sh: line 23: resultados/time_../ejecutables/volta_order_9.txt: No such file or directory
Repeticion: 5

./weak_volta.sh: line 23: resultados/time_../ejecutables/volta_order_9.txt: No such file or directory
Repeticion: 6

./weak_volta.sh: line 23: resultados/time_../ejecutables/volta_order_9.txt: No such file or directory
Repeticion: 7

./weak_volta.sh: line 23: resultados/time_../ejecutables/volta_order_9.txt: No such file or directory
Repeticion: 8

./weak_volta.sh: line 23: resultados/time_../ejecutables/volta_order_9.txt: No such file or directory
Repeticion: 9

./weak_volta.sh: line 23: resultados/time_../ejecutables/volta_order_9.txt: No such file or directory
Repeticion: 10

./weak_volta.sh: line 25: resultados/time_../ejecutables/volta_order_9.txt: No such file or directory
./weak_volta.sh: line 26: resultados/output_../ejecutables/volta_order_9.txt: No such file or directory
./weak_volta.sh: line 30: resultados/output_../ejecutables/volta_order_9.txt: No such file or directory
Ejecucion para el thread: 16

./weak_volta.sh: line 17: resultados/output_../ejecutables/volta_order_9.txt: No such file or directory
./weak_volta.sh: line 18: resultados/time_../ejecutables/volta_order_9.txt: No such file or directory
Repeticion: 1

./weak_volta.sh: line 23: resultados/time_../ejecutables/volta_order_9.txt: No such file or directory
Repeticion: 2

./weak_volta.sh: line 23: resultados/time_../ejecutables/volta_order_9.txt: No such file or directory
Repeticion: 3

./weak_volta.sh: line 23: resultados/time_../ejecutables/volta_order_9.txt: No such file or directory
Repeticion: 4

./weak_volta.sh: line 23: resultados/time_../ejecutables/volta_order_9.txt: No such file or directory
Repeticion: 5

./weak_volta.sh: line 23: resultados/time_../ejecutables/volta_order_9.txt: No such file or directory
Repeticion: 6

./weak_volta.sh: line 23: resultados/time_../ejecutables/volta_order_9.txt: No such file or directory
Repeticion: 7

./weak_volta.sh: line 23: resultados/time_../ejecutables/volta_order_9.txt: No such file or directory
Repeticion: 8

./weak_volta.sh: line 23: resultados/time_../ejecutables/volta_order_9.txt: No such file or directory
Repeticion: 9

./weak_volta.sh: line 23: resultados/time_../ejecutables/volta_order_9.txt: No such file or directory
Repeticion: 10

./weak_volta.sh: line 25: resultados/time_../ejecutables/volta_order_9.txt: No such file or directory
./weak_volta.sh: line 26: resultados/output_../ejecutables/volta_order_9.txt: No such file or directory
./weak_volta.sh: line 30: resultados/output_../ejecutables/volta_order_9.txt: No such file or directory
Traceback (most recent call last):
  File "/home/cpenav/Documents/ProyectoFinal/IntroHPC_MFEM/escalamientoDebil/plot.py", line 13, in <module>
    time = pd.read_csv(f'{args.input_file}',header=None)
  File "/usr/lib64/python3.9/site-packages/pandas/io/parsers/readers.py", line 1026, in read_csv
    return _read(filepath_or_buffer, kwds)
  File "/usr/lib64/python3.9/site-packages/pandas/io/parsers/readers.py", line 620, in _read
    parser = TextFileReader(filepath_or_buffer, **kwds)
  File "/usr/lib64/python3.9/site-packages/pandas/io/parsers/readers.py", line 1620, in __init__
    self._engine = self._make_engine(f, self.engine)
  File "/usr/lib64/python3.9/site-packages/pandas/io/parsers/readers.py", line 1880, in _make_engine
    self.handles = get_handle(
  File "/usr/lib64/python3.9/site-packages/pandas/io/common.py", line 873, in get_handle
    handle = open(
FileNotFoundError: [Errno 2] No such file or directory: 'resultados/time_../ejecutables/volta_order_9.txt'
Ejecucion para el thread: 1

./weak_volta.sh: line 17: resultados/output_../ejecutables/volta_order_9.txt: No such file or directory
./weak_volta.sh: line 18: resultados/time_../ejecutables/volta_order_9.txt: No such file or directory
Repeticion: 1

./weak_volta.sh: line 23: resultados/time_../ejecutables/volta_order_9.txt: No such file or directory
Repeticion: 2

./weak_volta.sh: line 23: resultados/time_../ejecutables/volta_order_9.txt: No such file or directory
Repeticion: 3

./weak_volta.sh: line 23: resultados/time_../ejecutables/volta_order_9.txt: No such file or directory
Repeticion: 4

./weak_volta.sh: line 23: resultados/time_../ejecutables/volta_order_9.txt: No such file or directory
Repeticion: 5

./weak_volta.sh: line 23: resultados/time_../ejecutables/volta_order_9.txt: No such file or directory
Repeticion: 6

./weak_volta.sh: line 23: resultados/time_../ejecutables/volta_order_9.txt: No such file or directory
Repeticion: 7

./weak_volta.sh: line 23: resultados/time_../ejecutables/volta_order_9.txt: No such file or directory
Repeticion: 8

./weak_volta.sh: line 23: resultados/time_../ejecutables/volta_order_9.txt: No such file or directory
Repeticion: 9

./weak_volta.sh: line 23: resultados/time_../ejecutables/volta_order_9.txt: No such file or directory
Repeticion: 10

./weak_volta.sh: line 25: resultados/time_../ejecutables/volta_order_9.txt: No such file or directory
./weak_volta.sh: line 26: resultados/output_../ejecutables/volta_order_9.txt: No such file or directory
./weak_volta.sh: line 30: resultados/output_../ejecutables/volta_order_9.txt: No such file or directory
Ejecucion para el thread: 2

./weak_volta.sh: line 17: resultados/output_../ejecutables/volta_order_9.txt: No such file or directory
./weak_volta.sh: line 18: resultados/time_../ejecutables/volta_order_9.txt: No such file or directory
Repeticion: 1

./weak_volta.sh: line 23: resultados/time_../ejecutables/volta_order_9.txt: No such file or directory
Repeticion: 2

./weak_volta.sh: line 23: resultados/time_../ejecutables/volta_order_9.txt: No such file or directory
Repeticion: 3

./weak_volta.sh: line 23: resultados/time_../ejecutables/volta_order_9.txt: No such file or directory
Repeticion: 4

./weak_volta.sh: line 23: resultados/time_../ejecutables/volta_order_9.txt: No such file or directory
Repeticion: 5

./weak_volta.sh: line 23: resultados/time_../ejecutables/volta_order_9.txt: No such file or directory
Repeticion: 6

./weak_volta.sh: line 23: resultados/time_../ejecutables/volta_order_9.txt: No such file or directory
Repeticion: 7

./weak_volta.sh: line 23: resultados/time_../ejecutables/volta_order_9.txt: No such file or directory
Repeticion: 8

./weak_volta.sh: line 23: resultados/time_../ejecutables/volta_order_9.txt: No such file or directory
Repeticion: 9

./weak_volta.sh: line 23: resultados/time_../ejecutables/volta_order_9.txt: No such file or directory
Repeticion: 10

./weak_volta.sh: line 25: resultados/time_../ejecutables/volta_order_9.txt: No such file or directory
./weak_volta.sh: line 26: resultados/output_../ejecutables/volta_order_9.txt: No such file or directory
./weak_volta.sh: line 30: resultados/output_../ejecutables/volta_order_9.txt: No such file or directory
Ejecucion para el thread: 3

./weak_volta.sh: line 17: resultados/output_../ejecutables/volta_order_9.txt: No such file or directory
./weak_volta.sh: line 18: resultados/time_../ejecutables/volta_order_9.txt: No such file or directory
Repeticion: 1

./weak_volta.sh: line 23: resultados/time_../ejecutables/volta_order_9.txt: No such file or directory
Repeticion: 2

./weak_volta.sh: line 23: resultados/time_../ejecutables/volta_order_9.txt: No such file or directory
Repeticion: 3

./weak_volta.sh: line 23: resultados/time_../ejecutables/volta_order_9.txt: No such file or directory
Repeticion: 4

./weak_volta.sh: line 23: resultados/time_../ejecutables/volta_order_9.txt: No such file or directory
Repeticion: 5

./weak_volta.sh: line 23: resultados/time_../ejecutables/volta_order_9.txt: No such file or directory
Repeticion: 6

./weak_volta.sh: line 23: resultados/time_../ejecutables/volta_order_9.txt: No such file or directory
Repeticion: 7

./weak_volta.sh: line 23: resultados/time_../ejecutables/volta_order_9.txt: No such file or directory
Repeticion: 8

./weak_volta.sh: line 23: resultados/time_../ejecutables/volta_order_9.txt: No such file or directory
Repeticion: 9

./weak_volta.sh: line 23: resultados/time_../ejecutables/volta_order_9.txt: No such file or directory
Repeticion: 10

./weak_volta.sh: line 25: resultados/time_../ejecutables/volta_order_9.txt: No such file or directory
./weak_volta.sh: line 26: resultados/output_../ejecutables/volta_order_9.txt: No such file or directory
./weak_volta.sh: line 30: resultados/output_../ejecutables/volta_order_9.txt: No such file or directory
Ejecucion para el thread: 4

./weak_volta.sh: line 17: resultados/output_../ejecutables/volta_order_9.txt: No such file or directory
./weak_volta.sh: line 18: resultados/time_../ejecutables/volta_order_9.txt: No such file or directory
Repeticion: 1

./weak_volta.sh: line 23: resultados/time_../ejecutables/volta_order_9.txt: No such file or directory
Repeticion: 2

./weak_volta.sh: line 23: resultados/time_../ejecutables/volta_order_9.txt: No such file or directory
Repeticion: 3

./weak_volta.sh: line 23: resultados/time_../ejecutables/volta_order_9.txt: No such file or directory
Repeticion: 4

./weak_volta.sh: line 23: resultados/time_../ejecutables/volta_order_9.txt: No such file or directory
Repeticion: 5

./weak_volta.sh: line 23: resultados/time_../ejecutables/volta_order_9.txt: No such file or directory
Repeticion: 6

./weak_volta.sh: line 23: resultados/time_../ejecutables/volta_order_9.txt: No such file or directory
Repeticion: 7

./weak_volta.sh: line 23: resultados/time_../ejecutables/volta_order_9.txt: No such file or directory
Repeticion: 8

./weak_volta.sh: line 23: resultados/time_../ejecutables/volta_order_9.txt: No such file or directory
Repeticion: 9

./weak_volta.sh: line 23: resultados/time_../ejecutables/volta_order_9.txt: No such file or directory
Repeticion: 10

./weak_volta.sh: line 25: resultados/time_../ejecutables/volta_order_9.txt: No such file or directory
./weak_volta.sh: line 26: resultados/output_../ejecutables/volta_order_9.txt: No such file or directory
./weak_volta.sh: line 30: resultados/output_../ejecutables/volta_order_9.txt: No such file or directory
Ejecucion para el thread: 5

./weak_volta.sh: line 17: resultados/output_../ejecutables/volta_order_9.txt: No such file or directory
./weak_volta.sh: line 18: resultados/time_../ejecutables/volta_order_9.txt: No such file or directory
Repeticion: 1

./weak_volta.sh: line 23: resultados/time_../ejecutables/volta_order_9.txt: No such file or directory
Repeticion: 2

./weak_volta.sh: line 23: resultados/time_../ejecutables/volta_order_9.txt: No such file or directory
Repeticion: 3

./weak_volta.sh: line 23: resultados/time_../ejecutables/volta_order_9.txt: No such file or directory
Repeticion: 4

./weak_volta.sh: line 23: resultados/time_../ejecutables/volta_order_9.txt: No such file or directory
Repeticion: 5

./weak_volta.sh: line 23: resultados/time_../ejecutables/volta_order_9.txt: No such file or directory
Repeticion: 6

./weak_volta.sh: line 23: resultados/time_../ejecutables/volta_order_9.txt: No such file or directory
Repeticion: 7

./weak_volta.sh: line 23: resultados/time_../ejecutables/volta_order_9.txt: No such file or directory
Repeticion: 8

./weak_volta.sh: line 23: resultados/time_../ejecutables/volta_order_9.txt: No such file or directory
Repeticion: 9

./weak_volta.sh: line 23: resultados/time_../ejecutables/volta_order_9.txt: No such file or directory
Repeticion: 10

./weak_volta.sh: line 25: resultados/time_../ejecutables/volta_order_9.txt: No such file or directory
./weak_volta.sh: line 26: resultados/output_../ejecutables/volta_order_9.txt: No such file or directory
./weak_volta.sh: line 30: resultados/output_../ejecutables/volta_order_9.txt: No such file or directory
Ejecucion para el thread: 6

./weak_volta.sh: line 17: resultados/output_../ejecutables/volta_order_9.txt: No such file or directory
./weak_volta.sh: line 18: resultados/time_../ejecutables/volta_order_9.txt: No such file or directory
Repeticion: 1

./weak_volta.sh: line 23: resultados/time_../ejecutables/volta_order_9.txt: No such file or directory
Repeticion: 2

./weak_volta.sh: line 23: resultados/time_../ejecutables/volta_order_9.txt: No such file or directory
Repeticion: 3

./weak_volta.sh: line 23: resultados/time_../ejecutables/volta_order_9.txt: No such file or directory
Repeticion: 4

./weak_volta.sh: line 23: resultados/time_../ejecutables/volta_order_9.txt: No such file or directory
Repeticion: 5

./weak_volta.sh: line 23: resultados/time_../ejecutables/volta_order_9.txt: No such file or directory
Repeticion: 6

./weak_volta.sh: line 23: resultados/time_../ejecutables/volta_order_9.txt: No such file or directory
Repeticion: 7

./weak_volta.sh: line 23: resultados/time_../ejecutables/volta_order_9.txt: No such file or directory
Repeticion: 8

./weak_volta.sh: line 23: resultados/time_../ejecutables/volta_order_9.txt: No such file or directory
Repeticion: 9

./weak_volta.sh: line 23: resultados/time_../ejecutables/volta_order_9.txt: No such file or directory
Repeticion: 10

./weak_volta.sh: line 25: resultados/time_../ejecutables/volta_order_9.txt: No such file or directory
./weak_volta.sh: line 26: resultados/output_../ejecutables/volta_order_9.txt: No such file or directory
./weak_volta.sh: line 30: resultados/output_../ejecutables/volta_order_9.txt: No such file or directory
Ejecucion para el thread: 7

./weak_volta.sh: line 17: resultados/output_../ejecutables/volta_order_9.txt: No such file or directory
./weak_volta.sh: line 18: resultados/time_../ejecutables/volta_order_9.txt: No such file or directory
Repeticion: 1

./weak_volta.sh: line 23: resultados/time_../ejecutables/volta_order_9.txt: No such file or directory
Repeticion: 2

./weak_volta.sh: line 23: resultados/time_../ejecutables/volta_order_9.txt: No such file or directory
Repeticion: 3

./weak_volta.sh: line 23: resultados/time_../ejecutables/volta_order_9.txt: No such file or directory
Repeticion: 4

./weak_volta.sh: line 23: resultados/time_../ejecutables/volta_order_9.txt: No such file or directory
Repeticion: 5

./weak_volta.sh: line 23: resultados/time_../ejecutables/volta_order_9.txt: No such file or directory
Repeticion: 6

./weak_volta.sh: line 23: resultados/time_../ejecutables/volta_order_9.txt: No such file or directory
Repeticion: 7

./weak_volta.sh: line 23: resultados/time_../ejecutables/volta_order_9.txt: No such file or directory
Repeticion: 8

./weak_volta.sh: line 23: resultados/time_../ejecutables/volta_order_9.txt: No such file or directory
Repeticion: 9

./weak_volta.sh: line 23: resultados/time_../ejecutables/volta_order_9.txt: No such file or directory
Repeticion: 10

./weak_volta.sh: line 25: resultados/time_../ejecutables/volta_order_9.txt: No such file or directory
./weak_volta.sh: line 26: resultados/output_../ejecutables/volta_order_9.txt: No such file or directory
./weak_volta.sh: line 30: resultados/output_../ejecutables/volta_order_9.txt: No such file or directory
Ejecucion para el thread: 8

./weak_volta.sh: line 17: resultados/output_../ejecutables/volta_order_9.txt: No such file or directory
./weak_volta.sh: line 18: resultados/time_../ejecutables/volta_order_9.txt: No such file or directory
Repeticion: 1

./weak_volta.sh: line 23: resultados/time_../ejecutables/volta_order_9.txt: No such file or directory
Repeticion: 2

./weak_volta.sh: line 23: resultados/time_../ejecutables/volta_order_9.txt: No such file or directory
Repeticion: 3

./weak_volta.sh: line 23: resultados/time_../ejecutables/volta_order_9.txt: No such file or directory
Repeticion: 4

./weak_volta.sh: line 23: resultados/time_../ejecutables/volta_order_9.txt: No such file or directory
Repeticion: 5

./weak_volta.sh: line 23: resultados/time_../ejecutables/volta_order_9.txt: No such file or directory
Repeticion: 6

./weak_volta.sh: line 23: resultados/time_../ejecutables/volta_order_9.txt: No such file or directory
Repeticion: 7

./weak_volta.sh: line 23: resultados/time_../ejecutables/volta_order_9.txt: No such file or directory
Repeticion: 8

./weak_volta.sh: line 23: resultados/time_../ejecutables/volta_order_9.txt: No such file or directory
Repeticion: 9

./weak_volta.sh: line 23: resultados/time_../ejecutables/volta_order_9.txt: No such file or directory
Repeticion: 10

./weak_volta.sh: line 25: resultados/time_../ejecutables/volta_order_9.txt: No such file or directory
./weak_volta.sh: line 26: resultados/output_../ejecutables/volta_order_9.txt: No such file or directory
./weak_volta.sh: line 30: resultados/output_../ejecutables/volta_order_9.txt: No such file or directory
Ejecucion para el thread: 9

./weak_volta.sh: line 17: resultados/output_../ejecutables/volta_order_9.txt: No such file or directory
./weak_volta.sh: line 18: resultados/time_../ejecutables/volta_order_9.txt: No such file or directory
Repeticion: 1

./weak_volta.sh: line 23: resultados/time_../ejecutables/volta_order_9.txt: No such file or directory
Repeticion: 2

./weak_volta.sh: line 23: resultados/time_../ejecutables/volta_order_9.txt: No such file or directory
Repeticion: 3

./weak_volta.sh: line 23: resultados/time_../ejecutables/volta_order_9.txt: No such file or directory
Repeticion: 4

./weak_volta.sh: line 23: resultados/time_../ejecutables/volta_order_9.txt: No such file or directory
Repeticion: 5

./weak_volta.sh: line 23: resultados/time_../ejecutables/volta_order_9.txt: No such file or directory
Repeticion: 6

./weak_volta.sh: line 23: resultados/time_../ejecutables/volta_order_9.txt: No such file or directory
Repeticion: 7

./weak_volta.sh: line 23: resultados/time_../ejecutables/volta_order_9.txt: No such file or directory
Repeticion: 8

./weak_volta.sh: line 23: resultados/time_../ejecutables/volta_order_9.txt: No such file or directory
Repeticion: 9

./weak_volta.sh: line 23: resultados/time_../ejecutables/volta_order_9.txt: No such file or directory
Repeticion: 10

./weak_volta.sh: line 25: resultados/time_../ejecutables/volta_order_9.txt: No such file or directory
./weak_volta.sh: line 26: resultados/output_../ejecutables/volta_order_9.txt: No such file or directory
./weak_volta.sh: line 30: resultados/output_../ejecutables/volta_order_9.txt: No such file or directory
Ejecucion para el thread: 10

./weak_volta.sh: line 17: resultados/output_../ejecutables/volta_order_9.txt: No such file or directory
./weak_volta.sh: line 18: resultados/time_../ejecutables/volta_order_9.txt: No such file or directory
Repeticion: 1

./weak_volta.sh: line 23: resultados/time_../ejecutables/volta_order_9.txt: No such file or directory
Repeticion: 2

./weak_volta.sh: line 23: resultados/time_../ejecutables/volta_order_9.txt: No such file or directory
Repeticion: 3

./weak_volta.sh: line 23: resultados/time_../ejecutables/volta_order_9.txt: No such file or directory
Repeticion: 4

./weak_volta.sh: line 23: resultados/time_../ejecutables/volta_order_9.txt: No such file or directory
Repeticion: 5

./weak_volta.sh: line 23: resultados/time_../ejecutables/volta_order_9.txt: No such file or directory
Repeticion: 6

./weak_volta.sh: line 23: resultados/time_../ejecutables/volta_order_9.txt: No such file or directory
Repeticion: 7

./weak_volta.sh: line 23: resultados/time_../ejecutables/volta_order_9.txt: No such file or directory
Repeticion: 8

./weak_volta.sh: line 23: resultados/time_../ejecutables/volta_order_9.txt: No such file or directory
Repeticion: 9

./weak_volta.sh: line 23: resultados/time_../ejecutables/volta_order_9.txt: No such file or directory
Repeticion: 10

./weak_volta.sh: line 25: resultados/time_../ejecutables/volta_order_9.txt: No such file or directory
./weak_volta.sh: line 26: resultados/output_../ejecutables/volta_order_9.txt: No such file or directory
./weak_volta.sh: line 30: resultados/output_../ejecutables/volta_order_9.txt: No such file or directory
Ejecucion para el thread: 11

./weak_volta.sh: line 17: resultados/output_../ejecutables/volta_order_9.txt: No such file or directory
./weak_volta.sh: line 18: resultados/time_../ejecutables/volta_order_9.txt: No such file or directory
Repeticion: 1

./weak_volta.sh: line 23: resultados/time_../ejecutables/volta_order_9.txt: No such file or directory
Repeticion: 2

./weak_volta.sh: line 23: resultados/time_../ejecutables/volta_order_9.txt: No such file or directory
Repeticion: 3

./weak_volta.sh: line 23: resultados/time_../ejecutables/volta_order_9.txt: No such file or directory
Repeticion: 4

./weak_volta.sh: line 23: resultados/time_../ejecutables/volta_order_9.txt: No such file or directory
Repeticion: 5

/bin/sh: warning: shell level (1000) too high, resetting to 1
./weak_volta.sh: line 23: resultados/time_../ejecutables/volta_order_9.txt: No such file or directory
Repeticion: 6

./weak_volta.sh: line 23: resultados/time_../ejecutables/volta_order_9.txt: No such file or directory
Repeticion: 7

./weak_volta.sh: line 23: resultados/time_../ejecutables/volta_order_9.txt: No such file or directory
Repeticion: 8

./weak_volta.sh: line 23: resultados/time_../ejecutables/volta_order_9.txt: No such file or directory
Repeticion: 9

./weak_volta.sh: line 23: resultados/time_../ejecutables/volta_order_9.txt: No such file or directory
Repeticion: 10

./weak_volta.sh: line 25: resultados/time_../ejecutables/volta_order_9.txt: No such file or directory
./weak_volta.sh: line 26: resultados/output_../ejecutables/volta_order_9.txt: No such file or directory
./weak_volta.sh: line 30: resultados/output_../ejecutables/volta_order_9.txt: No such file or directory
Ejecucion para el thread: 12

./weak_volta.sh: line 17: resultados/output_../ejecutables/volta_order_9.txt: No such file or directory
./weak_volta.sh: line 18: resultados/time_../ejecutables/volta_order_9.txt: No such file or directory
Repeticion: 1

./weak_volta.sh: line 23: resultados/time_../ejecutables/volta_order_9.txt: No such file or directory
Repeticion: 2

./weak_volta.sh: line 23: resultados/time_../ejecutables/volta_order_9.txt: No such file or directory
Repeticion: 3

./weak_volta.sh: line 23: resultados/time_../ejecutables/volta_order_9.txt: No such file or directory
Repeticion: 4

./weak_volta.sh: line 23: resultados/time_../ejecutables/volta_order_9.txt: No such file or directory
Repeticion: 5

./weak_volta.sh: line 23: resultados/time_../ejecutables/volta_order_9.txt: No such file or directory
Repeticion: 6

./weak_volta.sh: line 23: resultados/time_../ejecutables/volta_order_9.txt: No such file or directory
Repeticion: 7

./weak_volta.sh: line 23: resultados/time_../ejecutables/volta_order_9.txt: No such file or directory
Repeticion: 8

./weak_volta.sh: line 23: resultados/time_../ejecutables/volta_order_9.txt: No such file or directory
Repeticion: 9

./weak_volta.sh: line 23: resultados/time_../ejecutables/volta_order_9.txt: No such file or directory
Repeticion: 10

./weak_volta.sh: line 25: resultados/time_../ejecutables/volta_order_9.txt: No such file or directory
./weak_volta.sh: line 26: resultados/output_../ejecutables/volta_order_9.txt: No such file or directory
./weak_volta.sh: line 30: resultados/output_../ejecutables/volta_order_9.txt: No such file or directory
Ejecucion para el thread: 13

./weak_volta.sh: line 17: resultados/output_../ejecutables/volta_order_9.txt: No such file or directory
./weak_volta.sh: line 18: resultados/time_../ejecutables/volta_order_9.txt: No such file or directory
Repeticion: 1

./weak_volta.sh: line 23: resultados/time_../ejecutables/volta_order_9.txt: No such file or directory
Repeticion: 2

./weak_volta.sh: line 23: resultados/time_../ejecutables/volta_order_9.txt: No such file or directory
Repeticion: 3

./weak_volta.sh: line 23: resultados/time_../ejecutables/volta_order_9.txt: No such file or directory
Repeticion: 4

./weak_volta.sh: line 23: resultados/time_../ejecutables/volta_order_9.txt: No such file or directory
Repeticion: 5

./weak_volta.sh: line 23: resultados/time_../ejecutables/volta_order_9.txt: No such file or directory
Repeticion: 6

./weak_volta.sh: line 23: resultados/time_../ejecutables/volta_order_9.txt: No such file or directory
Repeticion: 7

./weak_volta.sh: line 23: resultados/time_../ejecutables/volta_order_9.txt: No such file or directory
Repeticion: 8

./weak_volta.sh: line 23: resultados/time_../ejecutables/volta_order_9.txt: No such file or directory
Repeticion: 9

./weak_volta.sh: line 23: resultados/time_../ejecutables/volta_order_9.txt: No such file or directory
Repeticion: 10

./weak_volta.sh: line 25: resultados/time_../ejecutables/volta_order_9.txt: No such file or directory
./weak_volta.sh: line 26: resultados/output_../ejecutables/volta_order_9.txt: No such file or directory
./weak_volta.sh: line 30: resultados/output_../ejecutables/volta_order_9.txt: No such file or directory
Ejecucion para el thread: 14

./weak_volta.sh: line 17: resultados/output_../ejecutables/volta_order_9.txt: No such file or directory
./weak_volta.sh: line 18: resultados/time_../ejecutables/volta_order_9.txt: No such file or directory
Repeticion: 1

./weak_volta.sh: line 23: resultados/time_../ejecutables/volta_order_9.txt: No such file or directory
Repeticion: 2

./weak_volta.sh: line 23: resultados/time_../ejecutables/volta_order_9.txt: No such file or directory
Repeticion: 3

./weak_volta.sh: line 23: resultados/time_../ejecutables/volta_order_9.txt: No such file or directory
Repeticion: 4

./weak_volta.sh: line 23: resultados/time_../ejecutables/volta_order_9.txt: No such file or directory
Repeticion: 5

./weak_volta.sh: line 23: resultados/time_../ejecutables/volta_order_9.txt: No such file or directory
Repeticion: 6

./weak_volta.sh: line 23: resultados/time_../ejecutables/volta_order_9.txt: No such file or directory
Repeticion: 7

./weak_volta.sh: line 23: resultados/time_../ejecutables/volta_order_9.txt: No such file or directory
Repeticion: 8

./weak_volta.sh: line 23: resultados/time_../ejecutables/volta_order_9.txt: No such file or directory
Repeticion: 9

./weak_volta.sh: line 23: resultados/time_../ejecutables/volta_order_9.txt: No such file or directory
Repeticion: 10

./weak_volta.sh: line 25: resultados/time_../ejecutables/volta_order_9.txt: No such file or directory
./weak_volta.sh: line 26: resultados/output_../ejecutables/volta_order_9.txt: No such file or directory
./weak_volta.sh: line 30: resultados/output_../ejecutables/volta_order_9.txt: No such file or directory
Ejecucion para el thread: 15

./weak_volta.sh: line 17: resultados/output_../ejecutables/volta_order_9.txt: No such file or directory
./weak_volta.sh: line 18: resultados/time_../ejecutables/volta_order_9.txt: No such file or directory
Repeticion: 1

./weak_volta.sh: line 23: resultados/time_../ejecutables/volta_order_9.txt: No such file or directory
Repeticion: 2

./weak_volta.sh: line 23: resultados/time_../ejecutables/volta_order_9.txt: No such file or directory
Repeticion: 3

./weak_volta.sh: line 23: resultados/time_../ejecutables/volta_order_9.txt: No such file or directory
Repeticion: 4

./weak_volta.sh: line 23: resultados/time_../ejecutables/volta_order_9.txt: No such file or directory
Repeticion: 5

./weak_volta.sh: line 23: resultados/time_../ejecutables/volta_order_9.txt: No such file or directory
Repeticion: 6

./weak_volta.sh: line 23: resultados/time_../ejecutables/volta_order_9.txt: No such file or directory
Repeticion: 7

./weak_volta.sh: line 23: resultados/time_../ejecutables/volta_order_9.txt: No such file or directory
Repeticion: 8

./weak_volta.sh: line 23: resultados/time_../ejecutables/volta_order_9.txt: No such file or directory
Repeticion: 9

./weak_volta.sh: line 23: resultados/time_../ejecutables/volta_order_9.txt: No such file or directory
Repeticion: 10

./weak_volta.sh: line 25: resultados/time_../ejecutables/volta_order_9.txt: No such file or directory
./weak_volta.sh: line 26: resultados/output_../ejecutables/volta_order_9.txt: No such file or directory
./weak_volta.sh: line 30: resultados/output_../ejecutables/volta_order_9.txt: No such file or directory
Ejecucion para el thread: 16

./weak_volta.sh: line 17: resultados/output_../ejecutables/volta_order_9.txt: No such file or directory
./weak_volta.sh: line 18: resultados/time_../ejecutables/volta_order_9.txt: No such file or directory
Repeticion: 1

./weak_volta.sh: line 23: resultados/time_../ejecutables/volta_order_9.txt: No such file or directory
Repeticion: 2

./weak_volta.sh: line 23: resultados/time_../ejecutables/volta_order_9.txt: No such file or directory
Repeticion: 3

./weak_volta.sh: line 23: resultados/time_../ejecutables/volta_order_9.txt: No such file or directory
Repeticion: 4

./weak_volta.sh: line 23: resultados/time_../ejecutables/volta_order_9.txt: No such file or directory
Repeticion: 5

./weak_volta.sh: line 23: resultados/time_../ejecutables/volta_order_9.txt: No such file or directory
Repeticion: 6

./weak_volta.sh: line 23: resultados/time_../ejecutables/volta_order_9.txt: No such file or directory
Repeticion: 7

./weak_volta.sh: line 23: resultados/time_../ejecutables/volta_order_9.txt: No such file or directory
Repeticion: 8

./weak_volta.sh: line 23: resultados/time_../ejecutables/volta_order_9.txt: No such file or directory
Repeticion: 9

./weak_volta.sh: line 23: resultados/time_../ejecutables/volta_order_9.txt: No such file or directory
Repeticion: 10

./weak_volta.sh: line 25: resultados/time_../ejecutables/volta_order_9.txt: No such file or directory
./weak_volta.sh: line 26: resultados/output_../ejecutables/volta_order_9.txt: No such file or directory
./weak_volta.sh: line 30: resultados/output_../ejecutables/volta_order_9.txt: No such file or directory
Traceback (most recent call last):
  File "/home/cpenav/Documents/ProyectoFinal/IntroHPC_MFEM/escalamientoDebil/plot.py", line 13, in <module>
    time = pd.read_csv(f'{args.input_file}',header=None)
  File "/usr/lib64/python3.9/site-packages/pandas/io/parsers/readers.py", line 1026, in read_csv
    return _read(filepath_or_buffer, kwds)
  File "/usr/lib64/python3.9/site-packages/pandas/io/parsers/readers.py", line 620, in _read
    parser = TextFileReader(filepath_or_buffer, **kwds)
  File "/usr/lib64/python3.9/site-packages/pandas/io/parsers/readers.py", line 1620, in __init__
    self._engine = self._make_engine(f, self.engine)
  File "/usr/lib64/python3.9/site-packages/pandas/io/parsers/readers.py", line 1880, in _make_engine
    self.handles = get_handle(
  File "/usr/lib64/python3.9/site-packages/pandas/io/common.py", line 873, in get_handle
    handle = open(
FileNotFoundError: [Errno 2] No such file or directory: 'resultados/time_../ejecutables/volta_order_9.txt'
Ejecucion para el thread: 1

./weak_volta.sh: line 17: resultados/output_../ejecutables/volta_order_9.txt: No such file or directory
./weak_volta.sh: line 18: resultados/time_../ejecutables/volta_order_9.txt: No such file or directory
Repeticion: 1

./weak_volta.sh: line 23: resultados/time_../ejecutables/volta_order_9.txt: No such file or directory
Repeticion: 2

./weak_volta.sh: line 23: resultados/time_../ejecutables/volta_order_9.txt: No such file or directory
Repeticion: 3

./weak_volta.sh: line 23: resultados/time_../ejecutables/volta_order_9.txt: No such file or directory
Repeticion: 4

./weak_volta.sh: line 23: resultados/time_../ejecutables/volta_order_9.txt: No such file or directory
Repeticion: 5

./weak_volta.sh: line 23: resultados/time_../ejecutables/volta_order_9.txt: No such file or directory
Repeticion: 6

./weak_volta.sh: line 23: resultados/time_../ejecutables/volta_order_9.txt: No such file or directory
Repeticion: 7

./weak_volta.sh: line 23: resultados/time_../ejecutables/volta_order_9.txt: No such file or directory
Repeticion: 8

./weak_volta.sh: line 23: resultados/time_../ejecutables/volta_order_9.txt: No such file or directory
Repeticion: 9

./weak_volta.sh: line 23: resultados/time_../ejecutables/volta_order_9.txt: No such file or directory
Repeticion: 10

./weak_volta.sh: line 25: resultados/time_../ejecutables/volta_order_9.txt: No such file or directory
./weak_volta.sh: line 26: resultados/output_../ejecutables/volta_order_9.txt: No such file or directory
./weak_volta.sh: line 30: resultados/output_../ejecutables/volta_order_9.txt: No such file or directory
Ejecucion para el thread: 2

./weak_volta.sh: line 17: resultados/output_../ejecutables/volta_order_9.txt: No such file or directory
./weak_volta.sh: line 18: resultados/time_../ejecutables/volta_order_9.txt: No such file or directory
Repeticion: 1

./weak_volta.sh: line 23: resultados/time_../ejecutables/volta_order_9.txt: No such file or directory
Repeticion: 2

./weak_volta.sh: line 23: resultados/time_../ejecutables/volta_order_9.txt: No such file or directory
Repeticion: 3

./weak_volta.sh: line 23: resultados/time_../ejecutables/volta_order_9.txt: No such file or directory
Repeticion: 4

./weak_volta.sh: line 23: resultados/time_../ejecutables/volta_order_9.txt: No such file or directory
Repeticion: 5

./weak_volta.sh: line 23: resultados/time_../ejecutables/volta_order_9.txt: No such file or directory
Repeticion: 6

./weak_volta.sh: line 23: resultados/time_../ejecutables/volta_order_9.txt: No such file or directory
Repeticion: 7

./weak_volta.sh: line 23: resultados/time_../ejecutables/volta_order_9.txt: No such file or directory
Repeticion: 8

./weak_volta.sh: line 23: resultados/time_../ejecutables/volta_order_9.txt: No such file or directory
Repeticion: 9

./weak_volta.sh: line 23: resultados/time_../ejecutables/volta_order_9.txt: No such file or directory
Repeticion: 10

./weak_volta.sh: line 25: resultados/time_../ejecutables/volta_order_9.txt: No such file or directory
./weak_volta.sh: line 26: resultados/output_../ejecutables/volta_order_9.txt: No such file or directory
./weak_volta.sh: line 30: resultados/output_../ejecutables/volta_order_9.txt: No such file or directory
Ejecucion para el thread: 3

./weak_volta.sh: line 17: resultados/output_../ejecutables/volta_order_9.txt: No such file or directory
./weak_volta.sh: line 18: resultados/time_../ejecutables/volta_order_9.txt: No such file or directory
Repeticion: 1

./weak_volta.sh: line 23: resultados/time_../ejecutables/volta_order_9.txt: No such file or directory
Repeticion: 2

./weak_volta.sh: line 23: resultados/time_../ejecutables/volta_order_9.txt: No such file or directory
Repeticion: 3

./weak_volta.sh: line 23: resultados/time_../ejecutables/volta_order_9.txt: No such file or directory
Repeticion: 4

./weak_volta.sh: line 23: resultados/time_../ejecutables/volta_order_9.txt: No such file or directory
Repeticion: 5

./weak_volta.sh: line 23: resultados/time_../ejecutables/volta_order_9.txt: No such file or directory
Repeticion: 6

./weak_volta.sh: line 23: resultados/time_../ejecutables/volta_order_9.txt: No such file or directory
Repeticion: 7

./weak_volta.sh: line 23: resultados/time_../ejecutables/volta_order_9.txt: No such file or directory
Repeticion: 8

./weak_volta.sh: line 23: resultados/time_../ejecutables/volta_order_9.txt: No such file or directory
Repeticion: 9

./weak_volta.sh: line 23: resultados/time_../ejecutables/volta_order_9.txt: No such file or directory
Repeticion: 10

./weak_volta.sh: line 25: resultados/time_../ejecutables/volta_order_9.txt: No such file or directory
./weak_volta.sh: line 26: resultados/output_../ejecutables/volta_order_9.txt: No such file or directory
./weak_volta.sh: line 30: resultados/output_../ejecutables/volta_order_9.txt: No such file or directory
Ejecucion para el thread: 4

./weak_volta.sh: line 17: resultados/output_../ejecutables/volta_order_9.txt: No such file or directory
./weak_volta.sh: line 18: resultados/time_../ejecutables/volta_order_9.txt: No such file or directory
Repeticion: 1

./weak_volta.sh: line 23: resultados/time_../ejecutables/volta_order_9.txt: No such file or directory
Repeticion: 2

./weak_volta.sh: line 23: resultados/time_../ejecutables/volta_order_9.txt: No such file or directory
Repeticion: 3

./weak_volta.sh: line 23: resultados/time_../ejecutables/volta_order_9.txt: No such file or directory
Repeticion: 4

./weak_volta.sh: line 23: resultados/time_../ejecutables/volta_order_9.txt: No such file or directory
Repeticion: 5

./weak_volta.sh: line 23: resultados/time_../ejecutables/volta_order_9.txt: No such file or directory
Repeticion: 6

./weak_volta.sh: line 23: resultados/time_../ejecutables/volta_order_9.txt: No such file or directory
Repeticion: 7

./weak_volta.sh: line 23: resultados/time_../ejecutables/volta_order_9.txt: No such file or directory
Repeticion: 8

./weak_volta.sh: line 23: resultados/time_../ejecutables/volta_order_9.txt: No such file or directory
Repeticion: 9

./weak_volta.sh: line 23: resultados/time_../ejecutables/volta_order_9.txt: No such file or directory
Repeticion: 10

./weak_volta.sh: line 25: resultados/time_../ejecutables/volta_order_9.txt: No such file or directory
./weak_volta.sh: line 26: resultados/output_../ejecutables/volta_order_9.txt: No such file or directory
./weak_volta.sh: line 30: resultados/output_../ejecutables/volta_order_9.txt: No such file or directory
Ejecucion para el thread: 5

./weak_volta.sh: line 17: resultados/output_../ejecutables/volta_order_9.txt: No such file or directory
./weak_volta.sh: line 18: resultados/time_../ejecutables/volta_order_9.txt: No such file or directory
Repeticion: 1

./weak_volta.sh: line 23: resultados/time_../ejecutables/volta_order_9.txt: No such file or directory
Repeticion: 2

./weak_volta.sh: line 23: resultados/time_../ejecutables/volta_order_9.txt: No such file or directory
Repeticion: 3

./weak_volta.sh: line 23: resultados/time_../ejecutables/volta_order_9.txt: No such file or directory
Repeticion: 4

./weak_volta.sh: line 23: resultados/time_../ejecutables/volta_order_9.txt: No such file or directory
Repeticion: 5

./weak_volta.sh: line 23: resultados/time_../ejecutables/volta_order_9.txt: No such file or directory
Repeticion: 6

./weak_volta.sh: line 23: resultados/time_../ejecutables/volta_order_9.txt: No such file or directory
Repeticion: 7

./weak_volta.sh: line 23: resultados/time_../ejecutables/volta_order_9.txt: No such file or directory
Repeticion: 8

./weak_volta.sh: line 23: resultados/time_../ejecutables/volta_order_9.txt: No such file or directory
Repeticion: 9

./weak_volta.sh: line 23: resultados/time_../ejecutables/volta_order_9.txt: No such file or directory
Repeticion: 10

./weak_volta.sh: line 25: resultados/time_../ejecutables/volta_order_9.txt: No such file or directory
./weak_volta.sh: line 26: resultados/output_../ejecutables/volta_order_9.txt: No such file or directory
./weak_volta.sh: line 30: resultados/output_../ejecutables/volta_order_9.txt: No such file or directory
Ejecucion para el thread: 6

./weak_volta.sh: line 17: resultados/output_../ejecutables/volta_order_9.txt: No such file or directory
./weak_volta.sh: line 18: resultados/time_../ejecutables/volta_order_9.txt: No such file or directory
Repeticion: 1

Terminated
Ejecucion para el thread: 1

./weak_volta.sh: line 17: resultados/output_../ejecutables/volta_order_9.txt: No such file or directory
./weak_volta.sh: line 18: resultados/time_../ejecutables/volta_order_9.txt: No such file or directory
Repeticion: 1

./weak_volta.sh: line 23: resultados/time_../ejecutables/volta_order_9.txt: No such file or directory
Repeticion: 2

./weak_volta.sh: line 23: resultados/time_../ejecutables/volta_order_9.txt: No such file or directory
Repeticion: 3

./weak_volta.sh: line 23: resultados/time_../ejecutables/volta_order_9.txt: No such file or directory
Repeticion: 4

./weak_volta.sh: line 23: resultados/time_../ejecutables/volta_order_9.txt: No such file or directory
Repeticion: 5

./weak_volta.sh: line 23: resultados/time_../ejecutables/volta_order_9.txt: No such file or directory
Repeticion: 6

./weak_volta.sh: line 23: resultados/time_../ejecutables/volta_order_9.txt: No such file or directory
Repeticion: 7

./weak_volta.sh: line 23: resultados/time_../ejecutables/volta_order_9.txt: No such file or directory
Repeticion: 8

./weak_volta.sh: line 23: resultados/time_../ejecutables/volta_order_9.txt: No such file or directory
Repeticion: 9

./weak_volta.sh: line 23: resultados/time_../ejecutables/volta_order_9.txt: No such file or directory
Repeticion: 10

./weak_volta.sh: line 25: resultados/time_../ejecutables/volta_order_9.txt: No such file or directory
./weak_volta.sh: line 26: resultados/output_../ejecutables/volta_order_9.txt: No such file or directory
./weak_volta.sh: line 30: resultados/output_../ejecutables/volta_order_9.txt: No such file or directory
Ejecucion para el thread: 2

./weak_volta.sh: line 17: resultados/output_../ejecutables/volta_order_9.txt: No such file or directory
./weak_volta.sh: line 18: resultados/time_../ejecutables/volta_order_9.txt: No such file or directory
Repeticion: 1

./weak_volta.sh: line 23: resultados/time_../ejecutables/volta_order_9.txt: No such file or directory
Repeticion: 2

./weak_volta.sh: line 23: resultados/time_../ejecutables/volta_order_9.txt: No such file or directory
Repeticion: 3

./weak_volta.sh: line 23: resultados/time_../ejecutables/volta_order_9.txt: No such file or directory
Repeticion: 4

/bin/sh: warning: shell level (1000) too high, resetting to 1
./weak_volta.sh: line 23: resultados/time_../ejecutables/volta_order_9.txt: No such file or directory
Repeticion: 5

./weak_volta.sh: line 23: resultados/time_../ejecutables/volta_order_9.txt: No such file or directory
Repeticion: 6

./weak_volta.sh: line 23: resultados/time_../ejecutables/volta_order_9.txt: No such file or directory
Repeticion: 7

./weak_volta.sh: line 23: resultados/time_../ejecutables/volta_order_9.txt: No such file or directory
Repeticion: 8

./weak_volta.sh: line 23: resultados/time_../ejecutables/volta_order_9.txt: No such file or directory
Repeticion: 9

/bin/sh: warning: shell level (1000) too high, resetting to 1
