2
resultados/time_volta_order_2.txt y resultados/output_volta_order_2.txt eliminados.
Ejecucion para el thread: 1

Repeticion: 1

Repeticion: 2

Repeticion: 3

Repeticion: 4

Repeticion: 5

Repeticion: 6

Repeticion: 7

Repeticion: 8

Repeticion: 9

Repeticion: 10

Ejecucion para el thread: 2

Repeticion: 1

Repeticion: 2

Repeticion: 3

Repeticion: 4

Repeticion: 5

Repeticion: 6

Repeticion: 7

Repeticion: 8

Repeticion: 9

Repeticion: 10

Ejecucion para el thread: 3

Repeticion: 1

Repeticion: 2

Repeticion: 3

Repeticion: 4

Repeticion: 5

Repeticion: 6

Repeticion: 7

Repeticion: 8

Repeticion: 9

Repeticion: 10

Ejecucion para el thread: 4

Repeticion: 1

Repeticion: 2

Repeticion: 3

Repeticion: 4

Repeticion: 5

Repeticion: 6

Repeticion: 7

Repeticion: 8

Repeticion: 9

Repeticion: 10

Ejecucion para el thread: 5

Repeticion: 1

Repeticion: 2

Repeticion: 3

Repeticion: 4

Repeticion: 5

Repeticion: 6

Repeticion: 7

Repeticion: 8

Repeticion: 9

Repeticion: 10

Ejecucion para el thread: 6

Repeticion: 1

Repeticion: 2

Repeticion: 3

Repeticion: 4

Repeticion: 5

Repeticion: 6

Repeticion: 7

Repeticion: 8

Repeticion: 9

Repeticion: 10

Ejecucion para el thread: 7

Repeticion: 1

Repeticion: 2

Repeticion: 3

Repeticion: 4

Repeticion: 5

Repeticion: 6

Repeticion: 7

Repeticion: 8

Repeticion: 9

Repeticion: 10

Ejecucion para el thread: 8

Repeticion: 1

Repeticion: 2

Repeticion: 3

Repeticion: 4

Repeticion: 5

Repeticion: 6

Repeticion: 7

Repeticion: 8

Repeticion: 9

Repeticion: 10

Ejecucion para el thread: 9

Repeticion: 1

Repeticion: 2

Repeticion: 3

Repeticion: 4

Repeticion: 5

Repeticion: 6

Repeticion: 7

Repeticion: 8

Repeticion: 9

Repeticion: 10

Ejecucion para el thread: 10

Repeticion: 1

Repeticion: 2

Repeticion: 3

Repeticion: 4

Repeticion: 5

Repeticion: 6

Repeticion: 7

Repeticion: 8

Repeticion: 9

Repeticion: 10

Ejecucion para el thread: 11

Repeticion: 1

Repeticion: 2

Repeticion: 3

Repeticion: 4

Repeticion: 5

Repeticion: 6

Repeticion: 7

Repeticion: 8

Repeticion: 9

Repeticion: 10

Ejecucion para el thread: 12

Repeticion: 1

Repeticion: 2

Repeticion: 3

Repeticion: 4

Repeticion: 5

Repeticion: 6

Repeticion: 7

Repeticion: 8

Repeticion: 9

Repeticion: 10

Ejecucion para el thread: 13

Repeticion: 1

Repeticion: 2

Repeticion: 3

Repeticion: 4

Repeticion: 5

Repeticion: 6

Repeticion: 7

Repeticion: 8

Repeticion: 9

Repeticion: 10

Ejecucion para el thread: 14

Repeticion: 1

Repeticion: 2

Repeticion: 3

Repeticion: 4

Repeticion: 5

Repeticion: 6

Repeticion: 7

Repeticion: 8

Repeticion: 9

Repeticion: 10

Ejecucion para el thread: 15

Repeticion: 1

Repeticion: 2

Repeticion: 3

Repeticion: 4

Repeticion: 5

Repeticion: 6

Repeticion: 7

Repeticion: 8

Repeticion: 9

Repeticion: 10

Ejecucion para el thread: 16

Repeticion: 1

Repeticion: 2

Repeticion: 3

Repeticion: 4

Repeticion: 5

Repeticion: 6

Repeticion: 7

Repeticion: 8

Repeticion: 9

Repeticion: 10

file_name: time_volta_order_2
target: volta
order: 2
