Ejecucion para el thread: 1

Repeticion: 1

  ____   ____     __   __            
  \   \ /   /___ |  |_/  |______     
   \   Y   /  _ \|  |\   __\__  \    
    \     (  <_> )  |_|  |  / __ \_  
     \___/ \____/|____/__| (____  /  
                                \/   
Options used:
   --mesh ../../data/ball-nurbs.mesh
   --order 10
   --serial-ref-levels 0
   --parallel-ref-levels 0
   --uniform-e-bc ''
   --piecewise-eps ''
   --dielectric-sphere-params ''
   --charged-sphere-params ''
   --point-charge-params '0.5 0.42 20 0.5 0.5 -12 0.5 0.545 15'
   --voltaic-pile-params ''
   --dirichlet-bc-surf '1 2 3 4'
   --dirichlet-bc-vals '0 0 0 0'
   --no-dirichlet-bc-gradient
   --neumann-bc-surf ''
   --neumann-bc-vals ''
   --max-amr-iterations 25
   --no-visualization
   --no-visit
Starting initialization.
Initialization done.

AMR Iteration 1
Number of H1      unknowns: 57301
Number of H(Curl) unknowns: 170500
Number of H(Div)  unknowns: 169200
Number of L2      unknowns: 56000
Assembling ... 